We have established a quorum, skipping...
We have established a quorum, skipping...
We have established a quorum, skipping...
We have established a quorum, skipping...
We have established a quorum, skipping...
We have established a quorum, skipping...
We have established a quorum, skipping...
We have established a quorum, skipping...
We have established a quorum, skipping...
We have established a quorum, skipping...
We have established a quorum, skipping...
We have established a quorum, skipping...
We have established a quorum, skipping...
We have established a quorum, skipping...
We have established a quorum, skipping...
We have established a quorum, skipping...
We have established a quorum, skipping...
We have established a quorum, skipping...
We have established a quorum, skipping...
We have established a quorum, skipping...
We have established a quorum, skipping...
We have established a quorum, skipping...
We have established a quorum, skipping...
We have established a quorum, skipping...
We have established a quorum, skipping...
We now have 4826 articles
Downloading content for articles in Boston Marathon Bombing...
Downloading content for articles in Enron...
Downloading content for articles in MH370...
Downloading content for articles in Sandy Hook Elementary...
Downloading content for articles in Heartbleed...
Downloading content for articles in Crimea...
Downloading content for articles in Toyota Recall...
Downloading content for articles in Rob Ford...
Downloading content for articles in Ford Recall...
Downloading content for articles in Egypt President Morsi...
Downloading content for articles in Silk Road Dread Pirate...
Downloading content for articles in PRISM...
Downloading content for articles in Snowden...
Downloading content for articles in Target Card HVAC...
Downloading content for articles in Michael Vick Puppy...
Downloading content for articles in Felix Baumgardner Jump...
Downloading content for articles in Balloon boy...
Downloading content for articles in SpaceX ISS...
Downloading content for articles in Air France 447...
Downloading content for articles in Sochi Wolf...
Downloading content for articles in Affordable Care Act...
Downloading content for articles in AptiQuant Internet Explorer IQ...
Downloading content for articles in Will Smith Dead...
Downloading content for articles in Betty White Dead...
Downloading content for articles in KFC Mutant Chicken...
Running parser for Boston Marathon Bombing...
Running parser for Enron...
Running parser for MH370...
Running parser for Sandy Hook Elementary...
Running parser for Heartbleed...
Running parser for Crimea...
Running parser for Toyota Recall...
Running parser for Rob Ford...
Running parser for Ford Recall...
Running parser for Egypt President Morsi...
Running parser for Silk Road Dread Pirate...
Running parser for PRISM...
Running parser for Snowden...
Running parser for Target Card HVAC...
Running parser for Michael Vick Puppy...
Running parser for Felix Baumgardner Jump...
Running parser for Balloon boy...
Running parser for SpaceX ISS...
Running parser for Air France 447...
Running parser for Sochi Wolf...
Running parser for Affordable Care Act...
Running parser for AptiQuant Internet Explorer IQ...
Running parser for Will Smith Dead...
Running parser for Betty White Dead...
Running parser for KFC Mutant Chicken...
=========================================
Got 0 root sources for plagarism consideration factor 1.0
=========================================
Identifying most frequent root sources...
These would be great targets to compromise
=========================================
=========================================
Identifying most influential root sources by number of articles
These would also be great sources to compromise
=========================================
=========================================
Joining the two analyses above
=========================================

=========================================
Got 0 targets!
