We have established a quorum, skipping...
We have established a quorum, skipping...
We have established a quorum, skipping...
We have established a quorum, skipping...
We have established a quorum, skipping...
We have established a quorum, skipping...
We have established a quorum, skipping...
We have established a quorum, skipping...
We have established a quorum, skipping...
We have established a quorum, skipping...
We have established a quorum, skipping...
We have established a quorum, skipping...
We have established a quorum, skipping...
We have established a quorum, skipping...
We have established a quorum, skipping...
We have established a quorum, skipping...
We have established a quorum, skipping...
We have established a quorum, skipping...
We have established a quorum, skipping...
We have established a quorum, skipping...
We have established a quorum, skipping...
We have established a quorum, skipping...
We have established a quorum, skipping...
We have established a quorum, skipping...
We have established a quorum, skipping...
We now have 4123 articles
Downloading content for articles in Boston Marathon Bombing...
Downloading content for articles in Enron...
Downloading content for articles in MH370...
Downloading content for articles in Sandy Hook Elementary...
Downloading content for articles in Heartbleed...
Downloading content for articles in Crimea...
Downloading content for articles in Toyota Recall...
Downloading content for articles in Rob Ford...
Downloading content for articles in Ford Recall...
Downloading content for articles in Egypt President Morsi...
Downloading content for articles in Silk Road Dread Pirate...
Downloading content for articles in PRISM...
Downloading content for articles in Snowden...
Downloading content for articles in Target Card HVAC...
Downloading content for articles in Michael Vick Puppy...
Downloading content for articles in Felix Baumgardner Jump...
Downloading content for articles in Balloon boy...
Downloading content for articles in SpaceX ISS...
Downloading content for articles in Air France 447...
Downloading content for articles in Sochi Wolf...
Downloading content for articles in Affordable Care Act...
Downloading content for articles in AptiQuant Internet Explorer IQ...
Downloading content for articles in Will Smith Dead...
Downloading content for articles in Betty White Dead...
Downloading content for articles in KFC Mutant Chicken...
Getting Alexa rankings...
Running parser for Boston Marathon Bombing...
Identified root node: Medical Xpress (2013-11-08T16:10:10+00:00) : http://medicalxpress.com/news/2013-11-veterans-psychologically-impacted-boston-marathon.html. Alexa score: 34077
|-Psych Centra (2013-11-10T23:53:05+00:00) : http://psychcentral.com/news/2013/11/11/boston-marathon-bombing-spiked-ptsd-among-veterans/61890.html. Alexa score: 5997
Identified root node: Police one.com (2014-03-19T21:34:25+00:00) : http://www.policeone.com/police-products/vehicles/specialty/articles/6990737-5-critical-lessons-about-armored-vehicles-from-the-Boston-Marathon-Bombing/. Alexa score: 18181
|-AmmoLand.com - Shooting Sports News (2014-03-20T23:56:24+00:00) : http://www.ammoland.com/2014/03/lessons-learned-from-the-boston-marathon-bombing/. Alexa score: 70622
Identified root node: WAFB 9 Baton Rouge (2013-05-16T17:15:44+00:00) : http://www.wafb.com/category/262377/boston-marathon-bombing. Alexa score: 97727
|-WNEM.COM (2013-05-16T17:15:44+00:00) : http://www.wnem.com/category/262377/boston-marathon-bombing. Alexa score: 65843
Running parser for Enron...
Identified root node: C-SPAN (2002-02-06T23:57:14+00:00) : http://www.c-span.org/video/?168570-1/enron-bankruptcy. Alexa score: 25344
|-c-span.org (2002-02-13T23:56:05+00:00) : http://www.c-span.org/video/?168696-1/enron-bankruptcy. Alexa score: 25344
Identified root node: Rediff India Abroad (2013-06-22T08:17:56+00:00) : http://www.rediff.com/money/report/slide-show-1-former-enron-ceo-sentence-cut-by-10-years/20130622.htm. Alexa score: 254
|-Rediff (2013-06-22T08:17:56+00:00) : http://www.rediff.com/business/slide-show/slide-show-1-former-enron-ceo-sentence-cut-by-10-years/20130622.htm. Alexa score: 254
Running parser for MH370...
Running parser for Sandy Hook Elementary...
Identified root node: Your Houston News (2014-04-08T22:29:26+00:00) : http://www.yourhoustonnews.com/courier/opinion/whatever-the-cause-of-this-fort-hood-tragedy-simmering-anger/article_1e4f202a-1e05-5ba0-ac6d-19952624fa17.html. Alexa score: 84555
|-Odessa American (2014-04-09T04:55:59+00:00) : http://www.oaoa.com/editorial/views/texas_opinion/article_39bb6872-bf81-11e3-805e-001a4bcf6878.html. Alexa score: 275849
Identified root node: The News-Herald (2014-02-13T11:44:49+00:00) : http://www.thenewsherald.com/articles/2014/02/13/news/doc52fa646bdcea9142044095.txt. Alexa score: 305410
|-News-Herald (2014-02-15T10:45:10+00:00) : http://www.thenewsherald.com/articles/2014/02/15/news/doc52fa646bdcea9142044095.txt. Alexa score: 305410
Running parser for Heartbleed...
Identified root node: Lifehacker (2014-04-09T21:16:40+00:00) : http://lifehacker.com/lastpass-now-tells-you-which-heartbleed-affected-passwo-1561522244. Alexa score: 426
|-lifehacker.co.in (2014-04-09T22:21:06+00:00) : http://www.lifehacker.co.in/others/LastPass-Now-Tells-You-Which-Heartbleed-Affected-Passwords-to-Change/articleshow/33526100.cms. Alexa score: 17510
Identified root node: WTVR-TV (2014-04-11T13:43:20+00:00) : http://wtvr.com/2014/04/11/heartbleed-passwords/. Alexa score: 28740
|-Fox 13 Now - Salt Lake City (2014-04-11T21:14:18+00:00) : http://fox13now.com/2014/04/11/heartbleed-bug-change-these-passwords-right-now/. Alexa score: 21736
Identified root node: marketwired.com (2014-04-10T23:24:20+00:00) : http://www.marketwired.com/press-release/lantronixr-products-not-affected-by-heartbleed-bug-nasdaq-ltrx-1898570.htm. Alexa score: 9837
|-PR Inside (2014-04-10T23:31:29+00:00) : http://www.pr-inside.com/lantronix-r-products-not-affected-by-r4013673.htm. Alexa score: 29069
Identified root node: Yahoo News (2014-04-11T02:01:49+00:00) : http://news.yahoo.com/heartbleed-bug-critical-internet-illness-020751620.html. Alexa score: 4
|-Times of India (2014-04-11T13:21:51+00:00) : http://timesofindia.indiatimes.com/tech/tech-news/Heartbleed-bug-a-critical-internet-illness/articleshow/33617005.cms. Alexa score: 103
Identified root node: fox17online.com (2014-04-09T15:40:14+00:00) : http://fox17online.com/2014/04/09/tech-heartbleed-bug-what-you-need-to-know/. Alexa score: 70084
|-New Zeeland PC World (2014-04-08T02:26:51+00:00) : http://www.pcworld.co.nz/article/542364/_heartbleed_bug_openssl_puts_encrypted_communications_risk/. Alexa score: 72019
|--Infoworld (2014-04-08T11:16:34+00:00) : http://www.infoworld.com/d/security/heartbleed-bug-in-openssl-puts-encrypted-communications-risk-240054. Alexa score: 7694
Identified root node: RTV 6 ABC (2014-04-09T11:15:22+00:00) : http://www.theindychannel.com/news/heartbleed-threat-online-security-flaw-exposes-millions-of-passwords_. Alexa score: 29161
|-epworthbells.co.uk (2014-04-09T15:18:45+00:00) : http://www.epworthbells.co.uk/news/national/heartbleed-bug-hits-web-security-1-6551529. Alexa score: 3161951
|--Wirral Globe (2014-04-09T15:40:14+00:00) : http://www.wirralglobe.co.uk/uk_national_news/11137559.Heartbleed_bug_hits_web_security/. Alexa score: 455671
|---Burnham and Highbridge Weekly News (2014-04-09T16:16:01+00:00) : http://www.burnhamandhighbridgeweeklynews.co.uk/news/national/news/11137559.Heartbleed_bug_hits_web_security/?ref=mnnp. Alexa score: 3687416
Identified root node: Tom's Guide (2014-04-08T18:40:22+00:00) : http://www.tomsguide.com/us/heartbleed-bug-exposes-millions-websites,news-18577.html. Alexa score: 3757
|-Mother Nature Network MNN (2014-04-08T19:51:57+00:00) : http://www.mnn.com/green-tech/computers/stories/heartbleed-bug-kills-security-for-millions-of-websites. Alexa score: 3860
Identified root node: News 4 Jax (2014-04-09T14:42:58+00:00) : http://www.news4jax.com/news/money/Heartbleed-bug-What-you-need-to-know/25393778. Alexa score: 36818
|-KSAT (2014-04-09T14:57:17+00:00) : http://www.ksat.com/lifestyle/money/Heartbleed-bug-What-you-need-to-know/25393778. Alexa score: 46568
|--KION 46 Central Coast News (2014-04-09T14:57:17+00:00) : http://www.kionrightnow.com/life/money/Heartbleed-bug-What-you-need-to-know/25393778. Alexa score: 260100
|---Krdo Breaking News (2014-04-09T14:57:17+00:00) : http://www.krdo.com/news/economy-tracker/Heartbleed-bug-What-you-need-to-know/25393778. Alexa score: 101499
|----NewsChannel 3 (2014-04-09T14:57:17+00:00) : http://www.keyt.com/news/money/Heartbleed-bug-What-you-need-to-know/25393778. Alexa score: 104199
|-----KY3 (2014-04-09T14:57:17+00:00) : http://www.ky3.com/news/business/Heartbleed-bug-What-you-need-to-know/21049046_25393778. Alexa score: 47866
|------KITV News (2014-04-09T16:23:11+00:00) : http://www.kitv.com/money/Heartbleed-bug-What-you-need-to-know/25393778. Alexa score: 86961
|-------My High Plains (2014-04-09T16:44:39+00:00) : http://www.myhighplains.com/story/d/story/heartbleed-bug-what-you-need-to-know/13697/GPJga8Qxo0KoYws46qa1cA. Alexa score: 603538
Identified root node: Business Spectator (2014-04-09T00:02:30+00:00) : http://www.businessspectator.com.au/news/2014/4/9/technology/heartbleed-bug-worldwide-threat-user-data. Alexa score: 25866
|-Daily Telegraph (2014-04-09T09:35:10+00:00) : http://www.telegraph.co.uk/technology/internet-security/10754169/Heartbleed-bug-in-web-technology-threatens-user-data.html. Alexa score: 223
|--Gym Class Dropout (2014-04-09T22:42:34+00:00) : http://www.haaretz.com/life/science-medicine/1.584811. Alexa score: 5611
|---AsiaOne (2014-04-11T07:38:15+00:00) : http://news.asiaone.com/news/digital1/heartbleed-bug-web-technology-seen-major-threat-user-data. Alexa score: 6335
Identified root node: News Talk 610 CKTB (2014-04-09T11:22:32+00:00) : http://www.610cktb.com/BusinessCP/Article.aspx?id=415904. Alexa score: 519909
|-Boston Herald (2014-04-09T15:47:23+00:00) : http://bostonherald.com/business/technology/technology_news/2014/04/heartbleed_exposes_millions_of_online_passwords. Alexa score: 8824
|--Guelph Mercury (2014-04-09T18:10:33+00:00) : http://www.guelphmercury.com/news-story/4456018--heartbleed-computer-bug-prompts-internet-security-concerns/. Alexa score: 224382
|---Corpus Christi Caller (2014-04-10T00:29:57+00:00) : http://www.caller.com/news/2014/apr/09/heartbleed-bug-causes-major-security-headache/. Alexa score: 191458
|----Oklahoma News (2014-04-10T02:38:48+00:00) : http://newsok.com/heartbleed-bug-leads-to-major-online-security-worries/article/3953603. Alexa score: 13728
|-----Perth Now Sunday Times (2014-04-10T06:27:51+00:00) : http://www.perthnow.com.au/news/breaking-news/heartbleed-causes-net-security-headaches/story-fnhrvfwz-1226880166835. Alexa score: 19449
|------nst.com.my (2014-04-10T06:56:29+00:00) : http://www.nst.com.my/latest/heartbleed-bug-causes-major-security-headache-across-internet-1.559648. Alexa score: 8424
Identified root node: XIN MSN Lifestyle Tech (2014-04-08T23:55:20+00:00) : http://technology.xin.msn.com/technology-news/heartbleed-bug-puts-encrypted-data-in-danger-2. Alexa score: 33
|-XIN MSN News (2014-04-09T03:08:37+00:00) : http://news.xin.msn.com/en/sci-tech/heartbleed-bug-puts-encrypted-data-in-danger-5. Alexa score: 33
Identified root node: wcti12.com (2014-04-07T23:56:31+00:00) : http://www.wcti12.com/news/technology/-Heartbleed-security-flaw-affects-most-sites/25388478. Alexa score: 211461
|-City News (2014-04-08T23:55:20+00:00) : http://www.citynews.ca/2014/04/09/heartbleed-security-flaw-could-put-peoples-personal-information-at-risk/?site-preference=mobile. Alexa score: 36354
|--WDSU NewsChannel 6 (2014-04-09T10:10:57+00:00) : http://www.wdsu.com/money/technology/-Heartbleed-security-flaw-affects-most-sites/25388478. Alexa score: 86518
|---NewsChannel 3 (2014-04-09T13:24:13+00:00) : http://www.keyt.com/lifestyle/technology/-Heartbleed-security-flaw-affects-most-sites/25388478. Alexa score: 104199
|----FOX 8 (2014-04-09T15:11:36+00:00) : http://myfox8.com/2014/04/09/how-to-protect-yourself-from-heartbleed-that-could-expose-passwords-credit-card-numbers/. Alexa score: 11731
Identified root node: Leaf Chronicle (2014-04-09T15:25:55+00:00) : http://www.theleafchronicle.com/usatoday/article/7501033. Alexa score: 200525
|-Daily News Journal (2014-04-09T16:01:42+00:00) : http://www.dnj.com/usatoday/article/7501033. Alexa score: 190446
|--USA Today (2014-04-09T19:43:37+00:00) : http://www.usatoday.com/story/tech/2014/04/09/heartbleed-five-questions/7501033/. Alexa score: 263
Running parser for Crimea...
Identified root node: Osun Defender (2014-03-17T13:01:24+00:00) : http://www.osundefender.org/?p=154522. Alexa score: 20973
|-Vanguard (2014-03-17T22:55:32+00:00) : http://www.vanguardngr.com/2014/03/crimea-declares-independence-ukraine/. Alexa score: 1702
Running parser for Toyota Recall...
Identified root node: NDTV (2014-02-12T07:28:18+00:00) : http://www.ndtv.com/article/world/toyota-recalls-1-9-million-prius-cars-worldwide-482432. Alexa score: 264
|-New Zealand Herald (2014-02-12T23:56:08+00:00) : http://www.nzherald.co.nz/nz/news/article.cfm?c_id=1&objectid=11201146. Alexa score: 2976
Identified root node: c-span.org (2010-02-22T23:58:59+00:00) : http://www.c-span.org/video/?292221-2/toyota-recalls-panel-2. Alexa score: 25344
|-C-SPAN (2010-03-01T23:57:50+00:00) : http://www.c-span.org/video/?292323-1/toyota-recalls-part-1-. Alexa score: 25344
Identified root node: Bloomberg (2014-04-10T07:32:17+00:00) : http://www.bloomberg.com/news/2014-04-09/toyota-gm-seen-ushering-in-era-of-big-recalls-as-scrutiny-mounts.html. Alexa score: 328
|-Japan Times (2014-04-10T17:26:25+00:00) : http://www.japantimes.co.jp/news/2014/04/10/business/scrutiny-ushers-in-era-of-big-recalls/. Alexa score: 10496
Identified root node: TC Media (2014-04-09T23:54:09+00:00) : http://www.theguardian.pe.ca/Business/2014-04-10/article-3684339/Toyota-recalling-nearly-6.4-million-vehicles-globally/1. Alexa score: 137486
|-Register-Guard (2014-04-10T06:13:32+00:00) : http://www.registerguard.com/rg/business/31415411-63/recalls-toyota-million-cars-safety.html.csp. Alexa score: 92643
Running parser for Rob Ford...
Running parser for Ford Recall...
Identified root node: NewsNet 5 (2014-01-15T23:53:33+00:00) : http://www.newsnet5.com/money/consumer/recalls/ford-recalls-27933-edge-crossovers. Alexa score: 43567
|-Hindu Business Line (2014-01-16T04:11:15+00:00) : http://www.thehindubusinessline.com/news/international/ford-recalls-27933-edge-crossovers/article5581321.ece. Alexa score: 5641
Identified root node: Bloomberg (2014-03-24T14:47:37+00:00) : http://www.bloomberg.com/news/2014-03-24/upton-shaped-by-ford-tire-recall-faces-gm-14-years-later.html. Alexa score: 328
|-Claims Journal (2014-03-24T17:17:57+00:00) : http://www.claimsjournal.com/news/national/2014/03/24/246367.htm. Alexa score: 279421
Running parser for Egypt President Morsi...
Running parser for Silk Road Dread Pirate...
Identified root node: uk.finance.yahoo.com (2014-01-17T10:43:46+00:00) : http://uk.finance.yahoo.com/news/silk-road-thousands-bitcoins-forfeited-104551030.html. Alexa score: 4
|-Sky News HD (2014-01-17T10:43:46+00:00) : http://news.sky.com/story/1196627/silk-road-millions-in-bitcoins-forfeited. Alexa score: 926
|--Orange (2014-01-17T19:33:29+00:00) : http://web.orange.co.uk/article/news/silk_road_thousands_of_bitcoins_forfeited. Alexa score: 6467
Identified root node: MSN News (2013-11-05T23:59:01+00:00) : http://news.msn.com/crime-justice/new-silk-road-drug-bazaar-opens-after-fbi-bust. Alexa score: 33
|-en-maktoob.news.yahoo.com (2013-11-06T19:40:08+00:00) : https://en-maktoob.news.yahoo.com/silk-road-illicit-online-market-reopens-194239805.html. Alexa score: 4
|--kenoradailyminerandnews.com (2013-11-06T13:49:23+00:00) : http://www.kenoradailyminerandnews.com/2013/11/06/silk-road-back-online-after-fbi-bust. Alexa score: 1569527
|---Kingston Whig (2013-11-06T13:49:23+00:00) : http://www.thewhig.com/2013/11/06/silk-road-back-online-after-fbi-bust. Alexa score: 146022
|----CNEWS (2013-11-07T01:38:03+00:00) : http://cnews.canoe.ca/CNEWS/World/2013/11/06/21250061.html. Alexa score: 3830
|-----DAWN Group (2013-11-07T11:10:43+00:00) : http://www.dawn.com/news/1054788/new-silk-road-drug-bazaar-opens-a-month-after-fbi-bust. Alexa score: 3303
Identified root node: AsiaOne (2014-03-21T23:55:13+00:00) : http://www.asiaone.com/news/crime/australia-mulls-extradition-alleged-silk-road-moderator. Alexa score: 6335
|-Business Spectator (2014-03-24T00:14:19+00:00) : http://www.businessspectator.com.au/news/2014/3/24/technology/brandis-mulls-extradition-alleged-silk-road-moderator. Alexa score: 25866
Identified root node: MSN Philippines News (2014-02-07T21:46:04+00:00) : http://news.ph.msn.com/sci-tech/alleged-silk-road-online-drug-baron-pleads-not-guilty-2. Alexa score: 33
|-Phys.org (2014-02-08T04:55:34+00:00) : http://phys.org/news/2014-02-accused-silk-road-mastermind-guilty.html. Alexa score: 7202
Identified root node: MSN (2013-10-03T11:02:07+00:00) : http://news.ca.msn.com/top-stories/silk-roads-alleged-mastermind-how-the-fbi-caught-him-1. Alexa score: 1479
|-NBC Dallas-Fort Worth 5 (2013-10-03T14:58:20+00:00) : http://www.nbcdfw.com/news/local/Austin-Native-Charged-in-Black-Market-Silk-Road-226306951.html. Alexa score: 24937
|--The Star (2013-10-03T18:04:27+00:00) : http://www.thestar.com/news/world/2013/10/03/how_the_fbi_closed_in_on_the_mastermind_of_the_silk_road_the_vast_online_black_market.html. Alexa score: 2534
Identified root node: IT World (2013-11-07T01:45:12+00:00) : http://www.itworld.com/legal/381835/silk-road-online-drug-marketplace-resurfaces. Alexa score: 9094
|-Network World (2013-11-07T04:15:32+00:00) : http://www.networkworld.com/news/2013/110713-silk-road-online-drug-marketplace-275713.html. Alexa score: 9208
|--CSO Magazine (2013-11-07T04:51:19+00:00) : http://www.cso.com.au/article/531222/silk_road_online_drug_marketplace_resurfaces/. Alexa score: 202266
|---news.techworld.com (2013-11-07T06:53:01+00:00) : http://news.techworld.com/security/3481133/silk-road-online-drug-marketplace-resurfaces/. Alexa score: 51499
Identified root node: WBUR (2013-10-03T20:13:18+00:00) : http://www.wbur.org/npr/228923016. Alexa score: 16978
|-NPR News (2013-10-03T20:41:56+00:00) : http://www.npr.org/templates/story/story.php?storyId=228923016. Alexa score: 637
Identified root node: CIO (2013-11-22T02:39:00+00:00) : http://www.cio.com/article/743609/Silk_Road_Defendant_Deemed_Flight_Risk_Denied_Bail. Alexa score: 6745
|-MIS Asia (2013-11-25T02:13:58+00:00) : http://www.mis-asia.com/resource/legal/silk-road-defendant-deemed-flight-risk-denied-bail/. Alexa score: 800508
Identified root node: Australian Techworld (2014-01-15T23:53:33+00:00) : http://www.techworld.com.au/article/536160/us_forces_silk_road_give_up_28m_bitcoins/. Alexa score: 129461
|-news.techworld.com (2014-01-17T09:03:33+00:00) : http://news.techworld.com/security/3497577/us-forces-silk-road-to-give-up-28m-in-bitcoins/. Alexa score: 51499
Identified root node: Pioneer Press (2014-02-04T20:52:21+00:00) : http://www.twincities.com/breakingnews/ci_25060267/alleged-silk-road-mastermind-indicted-ny. Alexa score: 17274
|-Inside Bay Area (2014-04-01T23:56:29+00:00) : http://www.insidebayarea.com/california/ci_25060267/alleged-silk-road-mastermind-indicted-ny. Alexa score: 40629
Identified root node: Cincinnati.com (2013-10-21T21:53:39+00:00) : http://news.cincinnati.com/usatoday/article/2984921. Alexa score: 16735
|-Coloradoan (2013-10-21T22:07:58+00:00) : http://www.coloradoan.com/usatoday/article/2984921. Alexa score: 43522
|--WTSP (2013-10-21T23:55:20+00:00) : http://www.wtsp.com/rss/article/341374/81/How-FBI-brought-down-cyber-underworld-site-Silk-Road. Alexa score: 33855
Identified root node: Daily Telegraph (2013-10-03T18:40:14+00:00) : http://www.dailytelegraph.com.au/technology/news/silk-road-pirate-wanted-to-change-the-world-and-get-around-government-coercion-with-online-drug-seller/story-fni0bzoc-1226732649800. Alexa score: 5824
|-The Australian (2013-10-03T23:55:12+00:00) : http://www.theaustralian.com.au/news/silk-road-pirate-wanted-to-change-the-world-and-get-around-government-coercion-with-online-drug-seller/story-e6frg6n6-1226732649800. Alexa score: 4128
Running parser for PRISM...
Identified root node: Live-PR (2014-04-11T16:13:39+00:00) : http://www.live-pr.com/en/prism-medical-announces-sale-of-uk-r1050329445.htm. Alexa score: 76472
|-Yahoo Finance (2014-04-11T16:20:49+00:00) : http://finance.yahoo.com/news/prism-medical-announces-sale-uk-162402827.html. Alexa score: 4
Running parser for Snowden...
Identified root node: Examiner (2014-01-29T03:27:12+00:00) : http://www.examiner.com/article/edward-snowden-s-psychic-human-ets-revealed. Alexa score: 545
|-UFODigest (2014-01-29T13:49:58+00:00) : http://ufodigest.com/article/edward-snowden-0129. Alexa score: 138973
Running parser for Target Card HVAC...
Identified root node: Fort Wayne Journal Gazette (2014-02-08T07:25:53+00:00) : http://www.journalgazette.net/article/20140208/BIZ/302089945/1031/BIZ. Alexa score: 97600
|-Philadelphia Daily News (2014-02-08T08:08:50+00:00) : http://www.philly.com/philly/news/nation_world/20140208_Target_hackers_may_have_used_Pa__company.html. Alexa score: 3010
|--News.com.au (2014-02-07T22:21:51+00:00) : http://www.news.com.au/world/breaking-news/hackers-may-have-used-us-firm-on-target/story-e6frfkui-1226821216356. Alexa score: 677
|---Live Trading News (2014-03-11T21:08:07+00:00) : http://www.livetradingnews.com/report-target-nysetgt-cyber-attackers-used-ordinary-methods-35451.htm. Alexa score: 23454
|----Contra Costa Times (2014-03-11T22:55:29+00:00) : http://www.contracostatimes.com/business/ci_25322190/mcafee-report-says-target-cyber-attackers-used-common. Alexa score: 40082
Identified root node: NewsFactor Network (2014-02-13T23:54:57+00:00) : http://www.newsfactor.com/news/Target-Breach-Started-as-Phishing/story.xhtml?story_id=0330012SRDJ3. Alexa score: 190189
|-Enterprise Security Today (2014-02-14T16:08:29+00:00) : http://www.enterprise-security-today.com/story.xhtml?story_id=0320002P05B4. Alexa score: 3912231
Identified root node: Northwest Herald (2014-02-07T14:58:02+00:00) : http://www.nwherald.com/2014/02/07/hackers-may-have-used-pa-company-to-hit-target/atagqwr/. Alexa score: 126384
|-brandonsun.com (2014-02-07T15:55:18+00:00) : http://www.brandonsun.com/business/breaking-news/pittsburgh-area-business-confirms-cyber-attack-linked-to-target-data-breach-federal-probe-244222641.html. Alexa score: 282929
|--St. Petersburg Times (2014-02-08T00:37:52+00:00) : http://www.tampabay.com/incoming/hackers-may-have-used-pa-company-for-target-breach/2164706. Alexa score: 9476
Identified root node: The Mercury (2014-02-07T16:45:25+00:00) : http://www.pottsmerc.com/general-news/20140207/hackers-may-have-used-pa-company-to-hit-target. Alexa score: 236032
|-opb.org (2014-02-04T23:58:28+00:00) : http://www.opb.org/news/article/npr-us-hvac-firm-reportedly-linked-to-targets-data-security-breach/. Alexa score: 75937
|--ideastream.org (2014-02-05T20:58:20+00:00) : http://www.ideastream.org/news/npr/272101928. Alexa score: 323591
Identified root node: m.chronicle.augusta.com (2014-02-08T06:07:09+00:00) : http://m.chronicle.augusta.com/news/business/2014-02-07/target-hackers-could-have-used-business-back-door. Alexa score: 53386
|-San Mateo Daily Journal (2014-02-08T11:29:16+00:00) : http://www.smdailyjournal.com/articles/business/2014-02-08/hackers-may-have-used-pittsburgh-company-to-hit-target/1776425117850.html. Alexa score: 333392
|--The Seattle Times (2014-02-08T19:43:11+00:00) : http://seattletimes.com/html/nationworld/2022862655_apxtargetdatabreachvendor.html. Alexa score: 3170
|---Commercial Dispatch (2014-02-08T23:53:44+00:00) : http://www.cdispatch.com/news/article.asp?aid=31026. Alexa score: 816137
|----BlueRidgeNow (2014-02-09T05:08:41+00:00) : http://www.blueridgenow.com/article/20140208/ARTICLES/140209861. Alexa score: 323099
Identified root node: San Angelo Standard-Times (2014-03-26T20:07:22+00:00) : http://www.gosanangelo.com/news/2014/mar/26/target-missed-multiple-breach-warnings-according/. Alexa score: 202293
|-TMCnet.com (2014-03-26T23:34:58+00:00) : http://www.tmcnet.com/usubmit/2014/03/26/7746356.htm. Alexa score: 14704
|--The Ledger (2014-03-27T04:21:18+00:00) : http://www.theledger.com/article/20140326/news/140329388. Alexa score: 53046
Identified root node: Anderson Independent-Mail (2014-02-07T15:05:12+00:00) : http://www.independentmail.com/news/2014/feb/07/pa-vendor-confirms-link-target-data-probe/. Alexa score: 175991
|-The Epoch Times (2014-02-07T15:48:09+00:00) : http://www.theepochtimes.com/n3/493895-pennsylavania-business-hacked-in-case-linked-to-target-cyber-attack/. Alexa score: 4964
Identified root node: Yahoo Finance (2014-02-14T23:53:46+00:00) : http://finance.yahoo.com/news/target-brushed-off-security-concerns-041038143.html. Alexa score: 4
|-Yahoo! (2014-02-16T07:02:05+00:00) : http://au.finance.yahoo.com/news/target-brushed-off-security-concerns-041038143.html. Alexa score: 4
Identified root node: Washington Post (2014-02-10T00:21:10+00:00) : http://www.washingtonpost.com/business/economy/target-breach-could-represent-leading-edge-of-wave-of-serious-cybercrime/2014/02/09/dc8ea02c-8daa-11e3-833c-33098f9e5267_story.html. Alexa score: 294
|-The News-Herald (2014-02-10T17:46:17+00:00) : http://www.news-herald.com/general-news/20140210/targets-data-breach-could-signal-cybercrime-wave. Alexa score: 155817
Identified root node: IT World (2014-02-06T22:30:12+00:00) : http://www.itworld.com/data-protection/403791/target-contractor-says-it-was-victim-cyberattack. Alexa score: 9094
|-news.techworld.com (2014-02-07T08:02:52+00:00) : http://news.techworld.com/security/3500955/target-contractor-says-it-was-victim-of-cyberattack/. Alexa score: 51499
Identified root node: Ukiah Daily Journal (2014-02-06T23:56:06+00:00) : http://www.ukiahdailyjournal.com/ci_25085471/hackers-may-have-gotten-target-data-through-pennsylvania. Alexa score: 479124
|-Marin Independent Journal (2014-02-06T23:56:06+00:00) : http://www.marinij.com/business/ci_25085471/hackers-may-have-gotten-target-data-through-pennsylvania. Alexa score: 87019
|--San Jose Mercury News (2014-02-06T23:56:06+00:00) : http://www.mercurynews.com/business/ci_25085466/hackers-may-have-gotten-target-data-through-pennsylvania. Alexa score: 4647
Identified root node: Observer & Eccentric Newspapers (2014-02-06T14:23:26+00:00) : http://www.hometownlife.com/usatoday/article/5255331. Alexa score: 219008
|-Daily Journal (2014-02-06T15:56:30+00:00) : http://www.thedailyjournal.com/usatoday/article/5255331. Alexa score: 266811
|--Greenville News (2014-02-06T16:03:39+00:00) : http://www.greenvilleonline.com/usatoday/article/5255331. Alexa score: 103473
|---Staunton News Leader (2014-02-06T16:10:49+00:00) : http://www.newsleader.com/usatoday/article/5255331. Alexa score: 163291
|----USA Today (2014-02-06T18:12:30+00:00) : http://www.usatoday.com/story/cybertruth/2014/02/06/hvac-firms-logon-used-in-target-breach/5255331/. Alexa score: 263
Running parser for Michael Vick Puppy...
Running parser for Felix Baumgardner Jump...
Identified root node: CNN (2012-10-14T04:04:25+00:00) : http://www.cnn.com/2012/10/14/us/skydiver-record-attempt/index.html. Alexa score: 57
|-FOX 6 Now (2012-10-16T04:52:09+00:00) : http://fox6now.com/2012/10/15/space-jump-skydive-felix-baumgartner-on-camera-video/. Alexa score: 52762
Identified root node: NewsNet 5 (2012-10-13T23:53:53+00:00) : http://www.newsnet5.com/news/national/supersonic-skydive-record-breaking-skydive-success-as-felix-baumgartner-makes-24-mile-leap-to-earth. Alexa score: 43567
|-The Independent (2012-10-14T18:23:25+00:00) : http://www.independent.co.uk/news/world/americas/skydiver-baumgartner-breaks-record-for-highest-ever-parachute-jump-8206637.html. Alexa score: 624
|--IN (2012-10-15T02:30:11+00:00) : http://www.in.com/news/current-affairs/skydiver-felix-baumgartner-lands-after-recordbreaking-jump-of-39-km-50136221-in-1.html. Alexa score: 373
Identified root node: ABC News (2013-10-16T18:53:27+00:00) : http://abcnews.go.com/blogs/headlines/2013/10/amazing-new-video-of-felix-baumgartners-jump-from-the-edge-of-space/. Alexa score: 414
|-everythinglubbock.com (2013-10-16T20:05:02+00:00) : http://www.everythinglubbock.com/story/amazing-new-video-of-felix-baumgartners-jump-from-the-edge-of-space/d/story/k72uTuxSbEucHQ4hUby8Pg. Alexa score: 556000
Identified root node: AL.com Bloggers (2012-10-14T22:48:16+00:00) : http://blog.al.com/wire/2012/10/skydiver_felix_baumgartner_beg.html. Alexa score: 5579
|-ABC 15 News (2012-10-14T23:59:51+00:00) : http://www.abc15.com/news/local-news/water-cooler/felix-baumgartner-jump-live-video-skydiver-gets-ready-for-bid-to-break-sound-barrier. Alexa score: 20628
|--The Huffington Post (2012-10-15T08:49:34+00:00) : http://www.huffingtonpost.ca/2012/10/14/felix-baumgartner-skydive_n_1964935.html. Alexa score: 2511
Identified root node: Montgomery Advertiser (2014-02-03T23:09:33+00:00) : http://www.montgomeryadvertiser.com/usatoday/article/5189863. Alexa score: 149399
|-Oshkosh Northwestern (2014-02-03T23:23:52+00:00) : http://www.thenorthwestern.com/usatoday/article/5189863. Alexa score: 355983
Running parser for Balloon boy...
Identified root node: The Ledger (2009-10-14T23:56:51+00:00) : http://www.theledger.com/article/20091015/news/910159938. Alexa score: 53046
|-WOWT (2009-10-14T23:56:51+00:00) : http://www.wowt.com/home/headlines/64414902.html. Alexa score: 142250
|--Deseret News (2009-10-15T23:55:40+00:00) : http://www.deseretnews.com/article/705336975/Boy-in-balloon-is-a-lot-of-hot-air.html?pg=all. Alexa score: 5485
|---Stuff (2009-10-15T23:55:40+00:00) : http://www.stuff.co.nz/world/americas/2970169/Flyaway-balloon-boy-found-in-attic. Alexa score: 3132
Identified root node: Patheos (blog) (2009-10-15T23:55:40+00:00) : http://www.patheos.com/blogs/johnshore/2009/10/mr-hot-air-balloon-feel-like-doublin-your-allowance-son/. Alexa score: 2607
|-Crosswalk.com (2014-03-26T18:41:28+00:00) : http://www.crosswalk.com/blogs/john-shore/balloon-boys-dad-feel-like-doublin-your-allowance-son-11609967.html. Alexa score: 5887
Running parser for SpaceX ISS...
Identified root node: thenewstribe.com (2012-10-07T23:53:50+00:00) : http://www.thenewstribe.com/2012/10/08/spacex-craft-on-way-to-iss-in-first-supply-run/. Alexa score: 5451
|-DAWN Group (2012-10-08T05:51:45+00:00) : http://www.dawn.com/news/755109/spacex-craft-on-way-to-iss-in-first-supply-run. Alexa score: 3303
Running parser for Air France 447...
Identified root node: M24 Digital (2009-06-03T23:57:06+00:00) : http://m24digital.com/en/2009/06/04/le-monde-of-france-air-france-flight-447-may-have-stalled-due-to-insufficient-speed/. Alexa score: 66417
|-Marketwatch (2009-06-03T23:57:06+00:00) : http://www.marketwatch.com/story/air-france-flight-447-may-have-stalled. Alexa score: 554
Identified root node: National Geographic (2009-06-01T23:59:29+00:00) : http://news.nationalgeographic.com/news/2009/06/090602-air-france-crash-2009-flight-447.html. Alexa score: 1020
|-Top News (2009-06-02T23:58:17+00:00) : http://www.topnews.in/thunderstorms-may-have-spelled-doom-air-france-flight-447-2173891. Alexa score: 13184
Identified root node: Daily Telegraph (2012-04-28T06:27:35+00:00) : http://www.telegraph.co.uk/technology/9231855/Air-France-Flight-447-Damn-it-were-going-to-crash.html. Alexa score: 223
|-Montreal Gazette (2012-04-30T23:57:29+00:00) : http://www.montrealgazette.com/news/FRANCE+CRASH+REPORT/6547853/story.html. Alexa score: 12423
Identified root node: ABC News (2012-07-05T21:49:06+00:00) : http://abcnews.go.com/Blotter/air-france-flight-447-crash-didnt-happen-expert/story?id=16717404. Alexa score: 414
|-Yahoo News (2012-07-05T23:07:50+00:00) : http://news.yahoo.com/air-france-flight-447-crash-didnt-happen-expert-162449729--abc-news-topstories.html. Alexa score: 4
Running parser for Sochi Wolf...
Identified root node: The Business Insider (2014-02-21T16:14:30+00:00) : http://www.businessinsider.com/jimmy-kimmel-olympian-kate-hansen-behind-sochi-wolf-prank-2014-2. Alexa score: 240
|-businessinsider.com.au (2014-02-21T17:47:33+00:00) : http://www.businessinsider.com.au/jimmy-kimmel-olympian-kate-hansen-behind-sochi-wolf-prank-2014-2. Alexa score: 9257
Identified root node: Sky News HD (2014-02-20T11:22:12+00:00) : http://news.sky.com/story/1214608/crying-wolf-sochi-olympian-films-guest-in-dorm. Alexa score: 926
|-Orange (2014-02-20T12:05:09+00:00) : http://web.orange.co.uk/article/news/crying_wolf_sochi_olympian_films_guest. Alexa score: 6467
Identified root node: CNN Security Clearance (2014-02-06T23:56:06+00:00) : http://security.blogs.cnn.com/2014/02/07/countries-unite-to-disrupt-terror-threats-to-sochi-olympic-games/. Alexa score: 57
|-FOX6Now.com Milwaukee (2014-02-08T01:06:30+00:00) : http://fox6now.com/2014/02/07/countries-unite-to-disrupt-terror-threats-to-sochi-olympic-games/. Alexa score: 52762
Identified root node: Hamilton Spectator (2014-01-20T22:14:34+00:00) : http://www.thespec.com/news-story/4325835-video-terrorists-threaten-strike-in-sochi/. Alexa score: 33634
|-Times Colonist (2014-01-21T15:46:50+00:00) : http://www.timescolonist.com/news/world/russians-take-hard-look-at-video-threatening-to-strike-sochi-games-1.796409. Alexa score: 61822
Identified root node: Carlsbad Current-Argus (2014-02-20T20:33:23+00:00) : http://www.currentargus.com/carlsbad-sports/ci_25189340/. Alexa score: 506164
|-York Daily Record (2014-02-20T20:33:23+00:00) : http://www.ydr.com/sports/ci_25189340/newest-sochi-problem-is-actually-quite-serious. Alexa score: 131976
Identified root node: Pioneer Press (2014-02-22T00:49:54+00:00) : http://www.twincities.com/ci_25203017/. Alexa score: 17274
|-YAHOOSports (2014-02-22T23:44:17+00:00) : http://sg.sports.yahoo.com/news/friday-39-highlights-sochi-olympics-154913789--spt.html. Alexa score: 4
Identified root node: Top News (2014-02-20T23:53:49+00:00) : http://www.topnews.in/sports/us-athlete-films-video-wolf-roaming-around-sochi-hotel-243717. Alexa score: 13184
|-Newstrack India (2014-02-21T05:15:56+00:00) : http://newstrackindia.com/newsdetails/2014/02/21/88-US-athlete-films-video-of-wolf-roaming-around-Sochi-hotel.html. Alexa score: 47905
|--Smash Hits.com (2014-02-21T05:37:25+00:00) : http://news.smashits.com/961521/US-athlete-films-video-of-wolf-roaming-around-Sochi-hotel.htm. Alexa score: 22611
Identified root node: Oroville Mercury-Register (2014-02-20T20:33:23+00:00) : http://www.orovillemr.com/digitalextras/ci_25189340/. Alexa score: 1059186
|-Paradise Post (2014-02-20T20:33:23+00:00) : http://www.paradisepost.com/sports/ci_25189340/. Alexa score: 1007001
|--Contra Costa Times (2014-02-20T20:33:23+00:00) : http://www.contracostatimes.com/sports/ci_25189335. Alexa score: 40082
|---San Jose Mercury News (2014-02-20T20:33:23+00:00) : http://www.mercurynews.com/sports/ci_25189335. Alexa score: 4647
Identified root node: greecepost.com (2014-02-20T21:23:29+00:00) : http://www.greecepost.com/article/20140220/News/140229928. Alexa score: 3239703
|-Devils Lake Daily Journal (2014-02-20T21:52:07+00:00) : http://www.devilslakejournal.com/article/20140220/News/140229836. Alexa score: 1705918
Identified root node: Myfoxorl and O (2014-03-07T16:12:13+00:00) : http://www.myfoxorlando.com/story/24786649/wolf-in-sochi-hotel-update. Alexa score: 59563
|-FOX 9 News (2014-03-21T15:12:39+00:00) : http://www.myfoxtwincities.com/story/24786649/wolf-in-sochi-hotel-update. Alexa score: 57054
|--MyFox Philadelphia (2014-03-21T15:12:39+00:00) : http://www.myfoxphilly.com/story/24786649/wolf-in-sochi-hotel-update. Alexa score: 20861
Identified root node: Owen Sound Sun Times (2014-02-21T10:23:44+00:00) : http://www.owensoundsuntimes.com/2014/02/20/video-shows-wolf-walking-through-sochi-athletes-village. Alexa score: 293859
|-brantfordexpositor.ca (2014-02-21T10:30:54+00:00) : http://www.brantfordexpositor.ca/2014/02/20/video-shows-wolf-walking-through-sochi-athletes-village. Alexa score: 238815
|--Canoe (2014-02-21T10:45:13+00:00) : http://slam.canoe.ca/Slam/Olympics/2014Sochi/News/2014/02/20/21483176.html. Alexa score: 3830
Identified root node: WSOC-TV (2014-02-21T20:25:02+00:00) : http://www.wsoctv.com/news/news/national/so-about-jimmy-kimmels-wolf-prank/ndXr8/. Alexa score: 39258
|-WPXI (2014-02-21T21:07:59+00:00) : http://www.wpxi.com/news/news/national/so-about-jimmy-kimmels-wolf-prank/ndXr8/. Alexa score: 35881
Identified root node: WPXI (2014-02-20T13:38:12+00:00) : http://www.wpxi.com/news/news/us-luger-films-wolf-roaming-halls-olympic-village/ndWLC/. Alexa score: 35881
|-wftv.com 9 (2014-02-20T21:16:20+00:00) : http://www.wftv.com/news/news/us-luger-films-wolf-roaming-halls-olympic-village/ndWLC/. Alexa score: 30281
|--WSB-TV Atlanta (2014-02-20T21:23:29+00:00) : http://www.wsbtv.com/news/news/us-luger-films-wolf-roaming-halls-olympic-village/ndWLC/. Alexa score: 13187
Running parser for Affordable Care Act...
Identified root node: Insurance News Net (2014-04-10T05:09:07+00:00) : http://insurancenewsnet.com/oarticle/2014/04/10/affordable-care-act-could-change-costs-for-auto-malpractice-other-liability-in-a-487855.html. Alexa score: 29079
|-NJBIZ (2014-04-11T11:05:51+00:00) : http://www.njbiz.com/article/20140411/NJBIZ01/140419947/Report:-Affordable-Care-Act-could-influence-costs-of-auto-malpractice-other-insurances. Alexa score: 171953
Identified root node: Eurek Alert (2014-03-03T20:41:49+00:00) : http://www.eurekalert.org/pub_releases/2014-03/gwus-aca022614.php. Alexa score: 13931
|-Science 2.0 (2014-03-04T21:30:44+00:00) : http://www.science20.com/news_articles/criminals_are_happy_about_affordable_care_act-130845. Alexa score: 73712
Identified root node: KSDK (2014-01-14T19:22:44+00:00) : http://www.ksdk.com/story/news/health/2014/01/14/obamacare-affordable-care-act-affordability/4476313/. Alexa score: 21934
|-Philadelphia Daily News (2014-01-16T20:03:18+00:00) : http://www.philly.com/philly/health/healthcare-exchange/Affording_the_Affordable_Care_Act.html. Alexa score: 3010
Running parser for AptiQuant Internet Explorer IQ...
Identified root node: Mashable (2011-08-03T08:33:20+00:00) : http://mashable.com/2011/08/03/ie-users-dumb-hoax/. Alexa score: 220
|-Sydney Morning Herald (2011-08-03T23:13:48+00:00) : http://www.smh.com.au/technology/technology-news/dumb-ie-study-a-hoax-20110804-1icd3.html. Alexa score: 765
Identified root node: New Zeeland PC World (2011-08-02T23:57:56+00:00) : http://www.pcworld.co.nz/article/482356/retraction_internet_explorer_iq_story_hoax/. Alexa score: 72019
|-PC World (2011-08-02T23:57:56+00:00) : http://www.pcworld.com/article/237160/Internet_Explorer_IQ_Story_Called_a_Hoax.html. Alexa score: 1361
Identified root node: wordstream.com (2011-12-28T23:54:13+00:00) : http://www.wordstream.com/blog/ws/2011/12/29/search-marketing-year-in-review. Alexa score: 2001
|-business2community.com (2012-01-01T13:41:01+00:00) : http://www.business2community.com/online-marketing/year-in-review-a-look-at-what-happened-in-search-in-2011-0112547. Alexa score: 3049
Identified root node: San Francisco Gate (2011-07-27T23:57:53+00:00) : http://www.sfgate.com/news/article/STUDY-Internet-Explorer-Users-Are-Dumber-MSFT-2349667.php. Alexa score: 727
|-The Business Insider (2011-07-27T23:57:53+00:00) : http://www.businessinsider.com/study-internet-explorer-users-are-dumber-2011-7. Alexa score: 240
Identified root node: WCPO (2011-08-01T23:59:07+00:00) : http://www.wcpo.com/news/science-tech/new-study-says-the-web-browser-you-choose-to-use-could-say-a-lot-about-your-iq. Alexa score: 29077
|-ABC Action News (2011-08-02T14:53:54+00:00) : http://www.abcactionnews.com/news/science-and-technology/new-study-says-the-web-browser-you-choose-to-use-could-say-a-lot-about-your-iq-wcpo1312295408071. Alexa score: 49012
Running parser for Will Smith Dead...
Identified root node: Christian Post (2014-01-06T16:47:34+00:00) : http://global.christianpost.com/news/will-smith-breaks-silence-on-james-averys-death-photo-112097/. Alexa score: 3222
|-The Christian Post (2014-01-06T17:23:22+00:00) : http://www.christianpost.com/news/will-smith-breaks-silence-on-james-averys-death-photo-112097/. Alexa score: 3222
Running parser for Betty White Dead...
Running parser for KFC Mutant Chicken...
Identified root node: businessinsider.com.au (2014-02-28T18:22:12+00:00) : http://www.businessinsider.com.au/kfc-mutant-chickens-are-not-real-2014-2. Alexa score: 9257
|-The Business Insider (2014-02-28T19:05:09+00:00) : http://www.businessinsider.com/kfc-mutant-chickens-are-not-real-2014-2. Alexa score: 240
Identified root node: Allentown Morning Call (2014-04-04T23:02:49+00:00) : http://articles.mcall.com/2014-04-04/news/mc-bw-john-brown-20140404_1_john-brown-sahl-communications-snake. Alexa score: 32201
|-The Morning Call (2014-04-04T23:17:08+00:00) : http://www.mcall.com/news/local/white/mc-bw-john-brown-20140404,0,818704.column. Alexa score: 32201
=========================================
Got 178 root sources for plagarism consideration factor 0.4
=========================================
Identifying most frequent root sources...
These would be great targets to compromise
=========================================
Washington Post has 1 root nodes of plagarism.
Ukiah Daily Journal has 1 root nodes of plagarism.
Observer & Eccentric Newspapers has 1 root nodes of plagarism.
CNN has 1 root nodes of plagarism.
wordstream.com has 1 root nodes of plagarism.
AL.com Bloggers has 1 root nodes of plagarism.
Montgomery Advertiser has 1 root nodes of plagarism.
The Ledger has 1 root nodes of plagarism.
Patheos (blog) has 1 root nodes of plagarism.
thenewstribe.com has 1 root nodes of plagarism.
M24 Digital has 1 root nodes of plagarism.
National Geographic has 1 root nodes of plagarism.
The Business Insider has 1 root nodes of plagarism.
New Zeeland PC World has 1 root nodes of plagarism.
CNN Security Clearance has 1 root nodes of plagarism.
Hamilton Spectator has 1 root nodes of plagarism.
Carlsbad Current-Argus has 1 root nodes of plagarism.
Top News has 1 root nodes of plagarism.
Oroville Mercury-Register has 1 root nodes of plagarism.
greecepost.com has 1 root nodes of plagarism.
Myfoxorl and O has 1 root nodes of plagarism.
Owen Sound Sun Times has 1 root nodes of plagarism.
WSOC-TV has 1 root nodes of plagarism.
WPXI has 1 root nodes of plagarism.
Insurance News Net has 1 root nodes of plagarism.
Eurek Alert has 1 root nodes of plagarism.
KSDK has 1 root nodes of plagarism.
Mashable has 1 root nodes of plagarism.
Sky News HD has 1 root nodes of plagarism.
ABC News has 2 root nodes of plagarism.
Daily Telegraph has 2 root nodes of plagarism.
Pioneer Press has 2 root nodes of plagarism.
IT World has 2 root nodes of plagarism.
NewsNet 5 has 2 root nodes of plagarism.
Bloomberg has 2 root nodes of plagarism.
=========================================
Identifying most influential root sources by number of articles
These would also be great sources to compromise
=========================================
Hamilton Spectator influences 1 articles
ABC News influences 1 articles
CNN Security Clearance influences 1 articles
Sky News HD influences 1 articles
The Business Insider influences 1 articles
Yahoo News influences 1 articles
marketwired.com influences 1 articles
M24 Digital influences 1 articles
National Geographic influences 1 articles
Daily Telegraph influences 1 articles
Medical Xpress influences 1 articles
Northwest Herald influences 2 articles
fox17online.com influences 2 articles
AL.com Bloggers influences 2 articles
NewsNet 5 influences 2 articles
uk.finance.yahoo.com influences 2 articles
Ukiah Daily Journal influences 2 articles
Top News influences 2 articles
San Angelo Standard-Times influences 2 articles
MSN influences 2 articles
Myfoxorl and O influences 2 articles
Owen Sound Sun Times influences 2 articles
The Mercury influences 2 articles
Cincinnati.com influences 2 articles
The Ledger influences 3 articles
Oroville Mercury-Register influences 3 articles
Business Spectator influences 3 articles
RTV 6 ABC influences 3 articles
IT World influences 3 articles
m.chronicle.augusta.com influences 4 articles
wcti12.com influences 4 articles
Fort Wayne Journal Gazette influences 4 articles
MSN News influences 5 articles
News Talk 610 CKTB influences 6 articles
News 4 Jax influences 7 articles
=========================================
Joining the two analyses above
=========================================
Ukiah Daily Journal,
AL.com Bloggers,
The Ledger,
M24 Digital,
National Geographic,
The Business Insider,
CNN Security Clearance,
Hamilton Spectator,
Top News,
Oroville Mercury-Register,
Myfoxorl and O,
Owen Sound Sun Times,
Sky News HD,
ABC News,
Daily Telegraph,
IT World,
NewsNet 5
=========================================
Got 17 targets!
