We have established a quorum, skipping...
We have established a quorum, skipping...
We have established a quorum, skipping...
We have established a quorum, skipping...
We have established a quorum, skipping...
We have established a quorum, skipping...
We have established a quorum, skipping...
We have established a quorum, skipping...
We have established a quorum, skipping...
We have established a quorum, skipping...
We have established a quorum, skipping...
We have established a quorum, skipping...
We have established a quorum, skipping...
We have established a quorum, skipping...
We have established a quorum, skipping...
We have established a quorum, skipping...
We have established a quorum, skipping...
We have established a quorum, skipping...
We have established a quorum, skipping...
We have established a quorum, skipping...
We have established a quorum, skipping...
We have established a quorum, skipping...
We have established a quorum, skipping...
We have established a quorum, skipping...
We have established a quorum, skipping...
We now have 4826 articles
Downloading content for articles in Boston Marathon Bombing...
Downloading content for articles in Enron...
Downloading content for articles in MH370...
Downloading content for articles in Sandy Hook Elementary...
Downloading content for articles in Heartbleed...
Downloading content for articles in Crimea...
Downloading content for articles in Toyota Recall...
Downloading content for articles in Rob Ford...
Downloading content for articles in Ford Recall...
Downloading content for articles in Egypt President Morsi...
Downloading content for articles in Silk Road Dread Pirate...
Downloading content for articles in PRISM...
Downloading content for articles in Snowden...
Downloading content for articles in Target Card HVAC...
Downloading content for articles in Michael Vick Puppy...
Downloading content for articles in Felix Baumgardner Jump...
Downloading content for articles in Balloon boy...
Downloading content for articles in SpaceX ISS...
Downloading content for articles in Air France 447...
Downloading content for articles in Sochi Wolf...
Downloading content for articles in Affordable Care Act...
Downloading content for articles in AptiQuant Internet Explorer IQ...
Downloading content for articles in Will Smith Dead...
Downloading content for articles in Betty White Dead...
Downloading content for articles in KFC Mutant Chicken...
Running parser for Boston Marathon Bombing...
Identified root node: Medical Xpress (2013-11-08T16:10:10+00:00): http://medicalxpress.com/news/2013-11-veterans-psychologically-impacted-boston-marathon.html
|-Psych Centra (2013-11-10T23:53:05+00:00) : http://psychcentral.com/news/2013/11/11/boston-marathon-bombing-spiked-ptsd-among-veterans/61890.html
Identified root node: Associated Press (2014-04-10T22:48:32+00:00): http://hosted.ap.org/dynamic/stories/U/US_BOSTON_MARATHON_BOMBING_ACLU_MAOL-?SITE=MABED&SECTION=HOME&TEMPLATE=DEFAULT
|-Times of India (2014-04-10T23:45:48+00:00) : http://timesofindia.indiatimes.com/world/us/Rights-group-sues-for-Boston-Marathon-bombing-doctors/articleshow/33580064.cms
Identified root node: NBC 12 (2013-07-14T19:54:50+00:00): http://www.nbc12.com/story/21982414/3-dead-more-than-140-hurt-from-boston-marathon-bomb-blasts
|-WIS-TV (2013-07-14T19:54:50+00:00) : http://www.wistv.com/story/21982414/3-dead-more-than-140-hurt-from-boston-marathon-bomb-blasts
Identified root node: Thomson Reuters (2014-04-10T18:02:13+00:00): http://www.reuters.com/article/2014/04/10/us-usa-explosions-boston-report-idUSBREA3923D20140410
|-Yahoo News (2014-04-10T23:10:01+00:00) : http://news.yahoo.com/boston-marathon-bombing-report-cites-information-lapses-220715252.html?.tsrc=operaweb
Identified root node: Police one.com (2014-03-19T21:34:25+00:00): http://www.policeone.com/police-products/vehicles/specialty/articles/6990737-5-critical-lessons-about-armored-vehicles-from-the-Boston-Marathon-Bombing/
|-AmmoLand.com - Shooting Sports News (2014-03-20T23:56:24+00:00) : http://www.ammoland.com/2014/03/lessons-learned-from-the-boston-marathon-bombing/
Identified root node: WAFB 9 Baton Rouge (2013-05-16T17:15:44+00:00): http://www.wafb.com/category/262377/boston-marathon-bombing
|-WNEM.COM (2013-05-16T17:15:44+00:00) : http://www.wnem.com/category/262377/boston-marathon-bombing
Running parser for Enron...
Identified root node: C-SPAN (2002-02-06T23:57:14+00:00): http://www.c-span.org/video/?168570-1/enron-bankruptcy
|-c-span.org (2002-02-13T23:56:05+00:00) : http://www.c-span.org/video/?168696-1/enron-bankruptcy
Identified root node: Rediff India Abroad (2013-06-22T08:17:56+00:00): http://www.rediff.com/money/report/slide-show-1-former-enron-ceo-sentence-cut-by-10-years/20130622.htm
|-Rediff (2013-06-22T08:17:56+00:00) : http://www.rediff.com/business/slide-show/slide-show-1-former-enron-ceo-sentence-cut-by-10-years/20130622.htm
Running parser for MH370...
Identified root node: Reuters Group PLC (2014-04-11T04:32:08+00:00): http://in.reuters.com/article/2014/04/11/malaysia-airlines-wrapup-3-pictures-tv-g-idINL3N0N30TR20140411
|-Thomson Reuters (2014-04-11T05:50:53+00:00) : http://www.reuters.com/article/2014/04/11/us-malaysia-airlines-idUSBREA3A06W20140411
Running parser for Sandy Hook Elementary...
Identified root node: The Huffington Post (2014-04-08T19:37:38+00:00): http://www.huffingtonpost.com/2014/04/09/mass-shooting-victims-fam_n_5118161.html
|-ABC News (2014-04-11T03:06:14+00:00) : http://abcnews.go.com/US/wireStory/mass-shooting-victims-families-helping-fort-hood-23266622?pt=BureoF2GVB|0|0|0|0|0|1058286187.94951
Identified root node: Your Houston News (2014-04-08T22:29:26+00:00): http://www.yourhoustonnews.com/courier/opinion/whatever-the-cause-of-this-fort-hood-tragedy-simmering-anger/article_1e4f202a-1e05-5ba0-ac6d-19952624fa17.html
|-Odessa American (2014-04-09T04:55:59+00:00) : http://www.oaoa.com/editorial/views/texas_opinion/article_39bb6872-bf81-11e3-805e-001a4bcf6878.html
Identified root node: The News-Herald (2014-02-13T11:44:49+00:00): http://www.thenewsherald.com/articles/2014/02/13/news/doc52fa646bdcea9142044095.txt
|-News-Herald (2014-02-15T10:45:10+00:00) : http://www.thenewsherald.com/articles/2014/02/15/news/doc52fa646bdcea9142044095.txt
Running parser for Heartbleed...
Identified root node: MSN Money (2014-04-09T14:50:07+00:00): http://money.msn.com/business-news/article.aspx?feed=OBR&date=20140409&id=17510782
|-Townhall.com (2014-04-09T14:50:07+00:00) : http://townhall.com/news/politics-elections/2014/04/09/efiling-of-canadian-taxes-shut-down-because-of-heartbleed-bug-n1822034
Identified root node: Yahoo News (2014-04-11T02:01:49+00:00): http://news.yahoo.com/heartbleed-bug-critical-internet-illness-020751620.html
|-Times of India (2014-04-11T13:21:51+00:00) : http://timesofindia.indiatimes.com/tech/tech-news/Heartbleed-bug-a-critical-internet-illness/articleshow/33617005.cms
Identified root node: fox17online.com (2014-04-09T15:40:14+00:00): http://fox17online.com/2014/04/09/tech-heartbleed-bug-what-you-need-to-know/
|-Raw Story (2014-04-11T15:16:23+00:00) : http://www.rawstory.com/rs/2014/04/11/u-s-official-warns-that-hackers-are-attempting-to-exploit-the-pervasive-heartbleed-bug/
|--NBC News (2014-04-11T18:01:01+00:00) : http://www.nbcnews.com/tech/security/hackers-trying-exploit-heartbleed-bug-u-s-officials-warn-n78056
Identified root node: San Francisco Gate (2014-04-11T20:38:30+00:00): http://www.sfgate.com/news/article/Bloomberg-NSA-knew-about-exploited-Heartbleed-5395952.php
|-Washington Post (2014-04-11T20:38:30+00:00) : http://www.washingtonpost.com/national/heartbleed-could-harm-a-variety-of-systems/2014/04/11/e47a08fc-c1b3-11e3-9ee7-02c1e10a03f0_story.html
Identified root node: New Zeeland PC World (2014-04-08T02:26:51+00:00): http://www.pcworld.co.nz/article/542364/_heartbleed_bug_openssl_puts_encrypted_communications_risk/
|-Infoworld (2014-04-08T11:16:34+00:00) : http://www.infoworld.com/d/security/heartbleed-bug-in-openssl-puts-encrypted-communications-risk-240054
Identified root node: Fidelity (2014-04-08T23:48:11+00:00): https://news.fidelity.com/news/news.jhtml?cat=Tech&articleid=201404082030RTRSNEWSCOMBINED_L2N0N0264_1&IMG=Y
|-Business Spectator (2014-04-09T00:02:30+00:00) : http://www.businessspectator.com.au/news/2014/4/9/technology/heartbleed-bug-worldwide-threat-user-data
|--Reuters Group PLC (2014-04-09T00:23:58+00:00) : http://in.reuters.com/article/2014/04/09/cybersecurity-internet-bug-idINL2N0N026420140409
|---NDTV (2014-04-09T02:11:21+00:00) : http://profit.ndtv.com/news/industries/article-heartbleed-bug-in-web-technology-seen-as-major-threat-to-user-data-385039
|----Daily Telegraph (2014-04-09T09:35:10+00:00) : http://www.telegraph.co.uk/technology/internet-security/10754169/Heartbleed-bug-in-web-technology-threatens-user-data.html
|-----790 KGMI News Talk (2014-04-09T14:50:07+00:00) : http://kgmi.com/news/030030-new-heartbleed-bug-poses-threat-to-data-security/
|------Gym Class Dropout (2014-04-09T22:42:34+00:00) : http://www.haaretz.com/life/science-medicine/1.584811
|-------AsiaOne (2014-04-11T07:38:15+00:00) : http://news.asiaone.com/news/digital1/heartbleed-bug-web-technology-seen-major-threat-user-data
Identified root node: epworthbells.co.uk (2014-04-09T15:18:45+00:00): http://www.epworthbells.co.uk/news/national/heartbleed-bug-hits-web-security-1-6551529
|-Wirral Globe (2014-04-09T15:40:14+00:00) : http://www.wirralglobe.co.uk/uk_national_news/11137559.Heartbleed_bug_hits_web_security/
|--Burnham and Highbridge Weekly News (2014-04-09T16:16:01+00:00) : http://www.burnhamandhighbridgeweeklynews.co.uk/news/national/news/11137559.Heartbleed_bug_hits_web_security/?ref=mnnp
Identified root node: Star Telegram (2014-04-07T23:56:31+00:00): http://www.star-telegram.com/2014/04/08/5722616/online-security-flaw-exposes-millions.html
|-RTV 6 ABC (2014-04-09T11:15:22+00:00) : http://www.theindychannel.com/news/heartbleed-threat-online-security-flaw-exposes-millions-of-passwords_
|--Your West Valley (2014-04-09T17:41:55+00:00) : http://www.yourwestvalley.com/nation_world/article_f8332336-c011-11e3-a199-001a4bcf887a.html
|---Hutchinson News (2014-04-09T17:56:14+00:00) : http://www.hutchnews.com/ap/business/article_8703e098-5633-5285-8ef8-0fcb55156032.html
|----Guelph Mercury (2014-04-09T18:10:33+00:00) : http://www.guelphmercury.com/news-story/4456018--heartbleed-computer-bug-prompts-internet-security-concerns/
|-----The News-Gazette (2014-04-09T19:00:40+00:00) : http://www.news-gazette.com/news/business/2014-04-09/heartbleed-bug-causes-major-security-headache.html
|------Corpus Christi Caller (2014-04-10T00:29:57+00:00) : http://www.caller.com/news/2014/apr/09/heartbleed-bug-causes-major-security-headache/
Identified root node: Tom's Guide (2014-04-08T18:40:22+00:00): http://www.tomsguide.com/us/heartbleed-bug-exposes-millions-websites,news-18577.html
|-Mother Nature Network MNN (2014-04-08T19:51:57+00:00) : http://www.mnn.com/green-tech/computers/stories/heartbleed-bug-kills-security-for-millions-of-websites
Identified root node: News 4 Jax (2014-04-09T14:42:58+00:00): http://www.news4jax.com/news/money/Heartbleed-bug-What-you-need-to-know/25393778
|-My High Plains (2014-04-09T16:44:39+00:00) : http://www.myhighplains.com/story/d/story/heartbleed-bug-what-you-need-to-know/13697/GPJga8Qxo0KoYws46qa1cA
Identified root node: KSAT (2014-04-09T14:57:17+00:00): http://www.ksat.com/lifestyle/money/Heartbleed-bug-What-you-need-to-know/25393778
|-KION 46 Central Coast News (2014-04-09T14:57:17+00:00) : http://www.kionrightnow.com/life/money/Heartbleed-bug-What-you-need-to-know/25393778
|--Krdo Breaking News (2014-04-09T14:57:17+00:00) : http://www.krdo.com/news/economy-tracker/Heartbleed-bug-What-you-need-to-know/25393778
|---NewsChannel 3 (2014-04-09T14:57:17+00:00) : http://www.keyt.com/news/money/Heartbleed-bug-What-you-need-to-know/25393778
|----KY3 (2014-04-09T14:57:17+00:00) : http://www.ky3.com/news/business/Heartbleed-bug-What-you-need-to-know/21049046_25393778
|-----KITV News (2014-04-09T16:23:11+00:00) : http://www.kitv.com/money/Heartbleed-bug-What-you-need-to-know/25393778
Identified root node: Boston (2014-04-08T23:55:20+00:00): http://www.boston.com/business/technology/2014/04/09/what-you-need-know-about-the-heartbleed-bug/2taPXFwpri6h03ITWb5ooK/story.html
|-St. Louis Post-Dispatch (2014-04-09T14:50:07+00:00) : http://www.stltoday.com/business/technology/what-you-need-to-know-about-the-heartbleed-bug/article_98e3c668-39e4-50b3-81a6-65eff9e84f9e.html
|--Statesman (2014-04-09T19:22:08+00:00) : http://www.statesman.com/ap/ap/business/what-you-need-to-know-about-the-heartbleed-bug/nfWrw/
|---News-Times (2014-04-09T19:36:27+00:00) : http://www.newstimes.com/business/technology/article/What-you-need-to-know-about-the-Heartbleed-bug-5389680.php
|----WRAL (2014-04-09T19:43:37+00:00) : http://www.wral.com/what-you-need-to-know-about-the-heartbleed-bug/13554619/
|-----WJTV (2014-04-09T19:57:56+00:00) : http://www.wjtv.com/story/25205982/what-you-need-to-know-about-the-heartbleed-bug
|------nanaimodailynews.com (2014-04-09T21:02:21+00:00) : http://www.nanaimodailynews.com/business/answers-to-common-questions-about-the-heartbleed-bug-and-how-to-protect-against-it-1.948867
|-------WWL-TV (2014-04-09T21:23:50+00:00) : http://www.wwltv.com/news/national/254599901.html
|--------The Daily Jeffersonian (2014-04-10T01:05:44+00:00) : http://www.daily-jeff.com/ap%20general%20news/2014/04/09/what-you-need-to-know-about-the-heartbleed-bug
Identified root node: XIN MSN Lifestyle Tech (2014-04-08T23:55:20+00:00): http://technology.xin.msn.com/technology-news/heartbleed-bug-puts-encrypted-data-in-danger-2
|-XIN MSN News (2014-04-09T03:08:37+00:00) : http://news.xin.msn.com/en/sci-tech/heartbleed-bug-puts-encrypted-data-in-danger-5
Identified root node: The Huffington Post (2014-04-09T04:27:21+00:00): http://www.huffingtonpost.com/huff-wires/20140409/us-tec--internet-security-threat/
|-News Talk 610 CKTB (2014-04-09T11:22:32+00:00) : http://www.610cktb.com/BusinessCP/Article.aspx?id=415904
|--Boston Herald (2014-04-09T15:47:23+00:00) : http://bostonherald.com/business/technology/technology_news/2014/04/heartbleed_exposes_millions_of_online_passwords
|---WSAV 3 (2014-04-09T16:44:39+00:00) : http://www.wsav.com/story/25198832/heartbleed-exposes-millions-of-online-passwords
|----The State Journal (2014-04-09T16:44:39+00:00) : http://www.statejournal.com/story/25198832/heartbleed-exposes-millions-of-online-passwords
|-----My Fox Chicago (2014-04-09T16:44:39+00:00) : http://www.myfoxchicago.com/story/25198832/heartbleed-exposes-millions-of-online-passwords
|------MyFox Phoenix (2014-04-09T16:58:58+00:00) : http://www.myfoxphoenix.com/story/25198832/heartbleed-exposes-millions-of-online-passwords
|-------My FOX Austin (2014-04-09T18:17:43+00:00) : http://www.myfoxaustin.com/story/25198832/heartbleed-bug-causes-major-security-headache
|--------Perth Now Sunday Times (2014-04-10T06:27:51+00:00) : http://www.perthnow.com.au/news/breaking-news/heartbleed-causes-net-security-headaches/story-fnhrvfwz-1226880166835
|---------nst.com.my (2014-04-10T06:56:29+00:00) : http://www.nst.com.my/latest/heartbleed-bug-causes-major-security-headache-across-internet-1.559648
|----------Taiwan News (2014-04-10T07:53:45+00:00) : http://www.taiwannews.com.tw/etn/news_content.php?id=2456322&lang=eng_news&cate_rss=WORLD_eng
Identified root node: wcti12.com (2014-04-07T23:56:31+00:00): http://www.wcti12.com/news/technology/-Heartbleed-security-flaw-affects-most-sites/25388478
|-City News (2014-04-08T23:55:20+00:00) : http://www.citynews.ca/2014/04/09/heartbleed-security-flaw-could-put-peoples-personal-information-at-risk/?site-preference=mobile
|--WDSU NewsChannel 6 (2014-04-09T10:10:57+00:00) : http://www.wdsu.com/money/technology/-Heartbleed-security-flaw-affects-most-sites/25388478
|---NewsChannel 3 (2014-04-09T13:24:13+00:00) : http://www.keyt.com/lifestyle/technology/-Heartbleed-security-flaw-affects-most-sites/25388478
|----FOX 8 (2014-04-09T15:11:36+00:00) : http://myfox8.com/2014/04/09/how-to-protect-yourself-from-heartbleed-that-could-expose-passwords-credit-card-numbers/
Identified root node: Leaf Chronicle (2014-04-09T15:25:55+00:00): http://www.theleafchronicle.com/usatoday/article/7501033
|-Daily News Journal (2014-04-09T16:01:42+00:00) : http://www.dnj.com/usatoday/article/7501033
|--USA Today (2014-04-09T19:43:37+00:00) : http://www.usatoday.com/story/tech/2014/04/09/heartbleed-five-questions/7501033/
Running parser for Crimea...
Identified root node: MSN News (2014-03-01T16:40:48+00:00): http://news.msn.com/world/russian-troops-take-over-ukraines-crimea-region
|-Salon (2014-03-01T23:43:08+00:00) : http://www.salon.com/2014/03/01/russian_troops_take_over_ukraines_crimea_region_partner/
Identified root node: Osun Defender (2014-03-17T13:01:24+00:00): http://www.osundefender.org/?p=154522
|-Vanguard (2014-03-17T22:55:32+00:00) : http://www.vanguardngr.com/2014/03/crimea-declares-independence-ukraine/
Running parser for Toyota Recall...
Identified root node: news92fm.com (2014-01-30T08:19:30+00:00): http://news92fm.com/411378/seat-fabric-may-force-toyota-recall-in-us-canada/
|-Global News (2014-01-30T14:24:35+00:00) : http://globalnews.ca/news/1117206/seat-fabric-may-force-toyota-recall-in-u-s-canada/
Identified root node: Metro News (2014-04-08T23:55:20+00:00): http://metronews.ca/news/world/997997/toyota-recalls-more-than-six-million-vehicles-worldwide/
|-Yahoo News (2014-04-09T14:14:20+00:00) : http://news.yahoo.com/toyota-recalls-6-4-million-vehicles-globally-060803198.html?pt=Array2012-08-08.html2012-08-04.html
|--NBC News (2014-04-10T00:29:57+00:00) : http://www.nbcnews.com/id/54905335/ns/local_news-hartford_ct/t/toyota-recalls-about-m-vehicles/
|---ABC News (2014-04-10T07:53:45+00:00) : http://abcnews.go.com/Business/wireStory/toyota-recalls-64-million-vehicles-globally-23254453
Identified root node: Thomson Reuters (2014-04-09T20:40:53+00:00): http://www.reuters.com/article/2014/04/10/us-toyota-motor-recall-idUSBREA3902Q20140410
|-Reuters Group PLC (2014-04-10T01:12:54+00:00) : http://in.reuters.com/article/2014/04/10/toyota-motor-recall-idINL3N0N116U20140410
Running parser for Rob Ford...
Identified root node: Reuters (2014-04-10T09:12:30+00:00): http://uk.reuters.com/article/2014/04/10/uk-books-authors-wagner-idUKBREA390IQ20140410
|-Lebanon Daily Star (2014-04-11T08:42:41+00:00) : http://www.dailystar.com.lb/Culture/Books/2014/Apr-11/253002-actor-robert-wagner-on-his-long-career-in-hollywood.ashx
Identified root node: Access Hollywood (2014-03-14T22:23:18+00:00): http://www.accesshollywood.com/toronto-mayor-rob-ford-slams-kevin-spacey_article_91692
|-New York Daily News (2014-03-14T23:06:15+00:00) : http://www.nydailynews.com/entertainment/gossip/rob-ford-wouldn-kevin-spacey-ran-article-1.1722120
Running parser for Ford Recall...
Identified root node: WVEC (2014-04-11T08:28:22+00:00): http://www.wvec.com/news/Ford-pressured-to-recall-some-F-150s--254883821.html
|-Detroit Free Press (2014-04-11T13:21:51+00:00) : http://www.freep.com/article/20140411/BUSINESS0102/304110067/ford-f-150-nhtsa-no-recall
Identified root node: Philippine Daily Inquirer (2013-08-26T23:57:19+00:00): http://newsinfo.inquirer.net/475691/ford-recalls-fromme-assassination-attempt-in-video
|-New York Post (2013-08-27T14:02:00+00:00) : http://nypost.com/2013/08/27/president-ford-recalls-1975-assassination-attempt-in-newly-released-footage/
Identified root node: NewsNet 5 (2014-01-15T23:53:33+00:00): http://www.newsnet5.com/money/consumer/recalls/ford-recalls-27933-edge-crossovers
|-Hindu Business Line (2014-01-16T04:11:15+00:00) : http://www.thehindubusinessline.com/news/international/ford-recalls-27933-edge-crossovers/article5581321.ece
Identified root node: Industrial Distribution (2012-09-03T23:58:22+00:00): http://www.manufacturing.net/news/2012/04/ford-recalls-140000-focus-cars
|-Manufacturing (2014-01-16T12:39:30+00:00) : http://www.manufacturing.net/news/2014/01/ford-recalls-27933-edge-crossovers-0
Identified root node: WBKO (2013-09-02T06:45:23+00:00): http://www.wbko.com/home/headlines/Ford-Recalls-Cars-222014961.html
|-Las Vegas Review Journal (2013-09-02T22:08:48+00:00) : http://www.reviewjournal.com/business/ford-recalls-370000-cars
|--San Jose Mercury News (2013-09-03T17:49:55+00:00) : http://www.mercurynews.com/business/ci_23994842/ford-recalls-370-000-cars
Identified root node: Bloomberg (2014-03-24T14:47:37+00:00): http://www.bloomberg.com/news/2014-03-24/upton-shaped-by-ford-tire-recall-faces-gm-14-years-later.html
|-Claims Journal (2014-03-24T17:17:57+00:00) : http://www.claimsjournal.com/news/national/2014/03/24/246367.htm
Running parser for Egypt President Morsi...
Identified root node: ewn.co.za (2013-11-04T10:52:48+00:00): http://ewn.co.za/2013/11/04/im-still-egypts-president--morsi
|-Independent Online (2013-11-04T11:42:54+00:00) : http://www.iol.co.za/news/africa/morsi-i-m-still-egypt-s-president-1.1601790
|--Reuters (2013-11-04T22:19:59+00:00) : http://www.reuters.com/article/2013/11/04/us-egypt-mursi-trial-idUSBRE9A303P20131104
Identified root node: sabc.co.za (2014-02-15T23:59:44+00:00): http://www.sabc.co.za/news/a/ba93280042f39791aa10bf895990ad13/Egypts-deposed-president-Morsi-is-on-trial-in-three-cases-and-charged-20140216
|-Lebanon Daily Star (2014-02-16T11:26:56+00:00) : http://www.dailystar.com.lb/News/Middle-East/2014/Feb-16/247486-egypts-morsi-faces-spying-charges-as-third-trial-to-begin.ashx
Running parser for Silk Road Dread Pirate...
Identified root node: whbl.com (2014-02-07T18:39:57+00:00): http://whbl.com/news/articles/2014/feb/07/accused-silk-road-website-owner-faces-november-trial/
|-Daily News and Analysis (2014-02-08T03:22:30+00:00) : http://www.dnaindia.com/scitech/report-accused-silk-road-website-owner-faces-november-trial-1960138
Identified root node: MSN News (2013-11-05T23:59:01+00:00): http://news.msn.com/crime-justice/new-silk-road-drug-bazaar-opens-after-fbi-bust
|-en-maktoob.news.yahoo.com (2013-11-06T19:40:08+00:00) : https://en-maktoob.news.yahoo.com/silk-road-illicit-online-market-reopens-194239805.html
Identified root node: Sydney Morning Herald (2013-11-07T01:09:25+00:00): http://www.smh.com.au/technology/technology-news/new-silk-road-online-drug-bazaar-opens-20131107-2x2xt.html
|-i.stuff.co.nz (2013-11-07T02:21:00+00:00) : http://i.stuff.co.nz/technology/digital-living/30003030/New-Silk-Road-online-drug-bazaar-opens
Identified root node: kenoradailyminerandnews.com (2013-11-06T13:49:23+00:00): http://www.kenoradailyminerandnews.com/2013/11/06/silk-road-back-online-after-fbi-bust
|-Kingston Whig (2013-11-06T13:49:23+00:00) : http://www.thewhig.com/2013/11/06/silk-road-back-online-after-fbi-bust
|--Firstpost (2013-11-06T21:41:49+00:00) : http://www.firstpost.com/world/new-online-drug-bazaar-opens-month-after-fbi-bust-silk-road-1215293.html
|---CNEWS (2013-11-07T01:38:03+00:00) : http://cnews.canoe.ca/CNEWS/World/2013/11/06/21250061.html
|----Thomson Reuters (2013-11-07T08:40:23+00:00) : http://www.reuters.com/article/2013/11/07/us-crime-silkroad-idUSBRE9A608I20131107
|-----PC Pro (2013-11-07T09:01:52+00:00) : http://www.pcpro.co.uk/news/385243/silk-road-drug-site-returns-a-month-after-fbi-takedown
|------NDTV (2013-11-07T10:27:46+00:00) : http://www.ndtv.com/article/world/new-silk-road-drug-bazaar-opens-a-month-after-fbi-bust-442916
|-------DAWN Group (2013-11-07T11:10:43+00:00) : http://www.dawn.com/news/1054788/new-silk-road-drug-bazaar-opens-a-month-after-fbi-bust
|--------Himalayan Times (2013-11-07T12:43:46+00:00) : http://www.thehimalayantimes.com/fullNews.php?headline=New+Silk+Road+drug+bazaar+opens+a+month+after+FBI+bust&NewsID=396243
|---------NDTV (2013-11-07T13:33:53+00:00) : http://gadgets.ndtv.com/internet/news/new-silk-road-online-drug-marketplace-opens-a-month-after-fbi-bust-442895
|----------defenceweb.co.za (2013-11-08T09:22:09+00:00) : http://www.defenceweb.co.za/index.php?option=com_content&view=article&id=32581&catid=74&Itemid=30
Identified root node: Chico Enterprise-Record (2013-10-02T19:24:23+00:00): http://www.chicoer.com/technology/ci_24224036/feds-shut-down-silk-road-arrest-dread-pirate
|-Daily Tribune (2013-10-02T22:51:58+00:00) : http://www.dailytribune.com/general-news/20131002/feds-shut-down-silk-road-arrest-dread-pirate-roberts
Identified root node: IBN Live (2013-10-03T01:15:08+00:00): http://ibnlive.in.com/news/silk-road-the-online-marketplace-of-vice-shut-down-by-fbi/426024-11.html
|-The Jakarta Globe (2013-10-03T04:21:15+00:00) : http://www.thejakartaglobe.com/tech/marketplace-of-vice-silk-road-meets-its-end/
Identified root node: MSN Philippines News (2014-02-07T21:46:04+00:00): http://news.ph.msn.com/sci-tech/alleged-silk-road-online-drug-baron-pleads-not-guilty-2
|-Phys.org (2014-02-08T04:55:34+00:00) : http://phys.org/news/2014-02-accused-silk-road-mastermind-guilty.html
Identified root node: AsiaOne (2014-03-21T23:55:13+00:00): http://www.asiaone.com/news/crime/australia-mulls-extradition-alleged-silk-road-moderator
|-Reuters (2014-03-22T05:45:58+00:00) : http://uk.reuters.com/article/2014/03/22/uk-australia-silkroad-extradition-idUKBREA2L03H20140322
|--7 News Yahoo (2014-03-22T05:53:07+00:00) : http://au.news.yahoo.com/a/22112669/australia-mulls-extradition-of-alleged-silk-road-moderator/
|---Chicago Tribune (2014-03-22T05:53:07+00:00) : http://articles.chicagotribune.com/2014-03-22/business/sns-rt-us-australia-silkroad-extradition-20140321_1_pirate-roberts-silk-road-extradition-rights
|----CRN Australia (2014-03-23T19:56:37+00:00) : http://www.crn.com.au/News/375919,australia-could-extradite-alleged-silk-road-moderator.aspx
|-----Business Spectator (2014-03-24T00:14:19+00:00) : http://www.businessspectator.com.au/news/2014/3/24/technology/brandis-mulls-extradition-alleged-silk-road-moderator
Identified root node: MSN (2013-10-03T11:02:07+00:00): http://news.ca.msn.com/top-stories/silk-roads-alleged-mastermind-how-the-fbi-caught-him-1
|-CTV News (2013-10-03T13:18:07+00:00) : http://www.ctvnews.ca/world/fbi-shuts-down-underground-drug-website-silk-road-1.1481520
|--NBC Dallas-Fort Worth 5 (2013-10-03T14:58:20+00:00) : http://www.nbcdfw.com/news/local/Austin-Native-Charged-in-Black-Market-Silk-Road-226306951.html
|---NorthJersey.Com (2013-10-03T15:41:17+00:00) : http://www.northjersey.com/news/California_man_charged_in_Silk_Road_black_market_drug_scheme.html
|----The Star (2013-10-03T18:04:27+00:00) : http://www.thestar.com/news/world/2013/10/03/how_the_fbi_closed_in_on_the_mastermind_of_the_silk_road_the_vast_online_black_market.html
Identified root node: IT World (2013-11-07T01:45:12+00:00): http://www.itworld.com/legal/381835/silk-road-online-drug-marketplace-resurfaces
|-Network World (2013-11-07T04:15:32+00:00) : http://www.networkworld.com/news/2013/110713-silk-road-online-drug-marketplace-275713.html
|--CSO Magazine (2013-11-07T04:51:19+00:00) : http://www.cso.com.au/article/531222/silk_road_online_drug_marketplace_resurfaces/
|---news.techworld.com (2013-11-07T06:53:01+00:00) : http://news.techworld.com/security/3481133/silk-road-online-drug-marketplace-resurfaces/
Identified root node: WBUR (2013-10-03T20:13:18+00:00): http://www.wbur.org/npr/228923016
|-NPR News (2013-10-03T20:41:56+00:00) : http://www.npr.org/templates/story/story.php?storyId=228923016
Identified root node: CIO (2013-11-22T02:39:00+00:00): http://www.cio.com/article/743609/Silk_Road_Defendant_Deemed_Flight_Risk_Denied_Bail
|-MIS Asia (2013-11-25T02:13:58+00:00) : http://www.mis-asia.com/resource/legal/silk-road-defendant-deemed-flight-risk-denied-bail/
Identified root node: The Malaysian Digest (2013-02-08T01:17:02+00:00): http://www.malaysiandigest.com/business/249892-stronger-growth-fiscal-deficit-figures-for-malaysia.html?tmpl=component&layout=default&page=
|-Townhall.com (2013-10-02T15:35:19+00:00) : http://townhall.com/news/us/2013/10/02/fbi-raids-alleged-online-drug-market-silk-road-arrests-owner-n1715280
|--Yahoo News Canada (2013-10-02T20:43:07+00:00) : https://ca.news.yahoo.com/fbi-raids-alleged-online-drug-market-silk-road-153729457.html
|---The Blaze (2013-10-02T21:33:14+00:00) : http://www.theblaze.com/stories/2013/10/02/feds-raid-shut-down-most-sophisticated-and-extensive-criminal-marketplace-online/
Identified root node: MSN News (2013-10-02T23:06:17+00:00): http://news.msn.com/crime-justice/fbi-raids-online-drug-market-silk-road-arrests-owner
|-Reuters Group PLC (2013-10-02T23:34:55+00:00) : http://in.reuters.com/article/2013/10/02/crime-silkroad-raid-idINDEE99107220131002
|--thestar.com.my (2013-10-03T00:46:30+00:00) : http://www.thestar.com.my/Tech/Tech-News/2013/10/03/FBI-shuts-alleged-online-drug-marketplace-Silk-Road.aspx/
|---The Irish Times (2013-10-03T05:39:59+00:00) : http://www.irishtimes.com/news/world/us/online-drug-marketplace-silk-road-shut-down-by-fbi-1.1548787
Identified root node: Australian Techworld (2014-01-15T23:53:33+00:00): http://www.techworld.com.au/article/536160/us_forces_silk_road_give_up_28m_bitcoins/
|-news.techworld.com (2014-01-17T09:03:33+00:00) : http://news.techworld.com/security/3497577/us-forces-silk-road-to-give-up-28m-in-bitcoins/
Identified root node: Capital Public Radio (2013-10-03T19:37:30+00:00): http://www.capradio.org/news/npr/story?storyid=228845525
|-KPBS (2013-10-03T19:37:30+00:00) : http://www.kpbs.org/news/2013/oct/03/what-we-know-about-ross-ulbricht-or-dread-pirate/
|--kosu.org (2013-10-03T20:34:46+00:00) : http://kosu.org/2013/10/what-we-know-about-ross-ulbricht-or-dread-pirate-roberts/
Identified root node: Pioneer Press (2014-02-04T20:52:21+00:00): http://www.twincities.com/breakingnews/ci_25060267/alleged-silk-road-mastermind-indicted-ny
|-Inside Bay Area (2014-04-01T23:56:29+00:00) : http://www.insidebayarea.com/california/ci_25060267/alleged-silk-road-mastermind-indicted-ny
Identified root node: Daily Telegraph (2013-10-03T18:40:14+00:00): http://www.dailytelegraph.com.au/technology/news/silk-road-pirate-wanted-to-change-the-world-and-get-around-government-coercion-with-online-drug-seller/story-fni0bzoc-1226732649800
|-The Australian (2013-10-03T23:55:12+00:00) : http://www.theaustralian.com.au/news/silk-road-pirate-wanted-to-change-the-world-and-get-around-government-coercion-with-online-drug-seller/story-e6frg6n6-1226732649800
Identified root node: Cincinnati.com (2013-10-21T21:53:39+00:00): http://news.cincinnati.com/usatoday/article/2984921
|-Coloradoan (2013-10-21T22:07:58+00:00) : http://www.coloradoan.com/usatoday/article/2984921
|--WTSP (2013-10-21T23:55:20+00:00) : http://www.wtsp.com/rss/article/341374/81/How-FBI-brought-down-cyber-underworld-site-Silk-Road
Running parser for PRISM...
Identified root node: Live-PR (2014-04-11T16:13:39+00:00): http://www.live-pr.com/en/prism-medical-announces-sale-of-uk-r1050329445.htm
|-Yahoo Finance (2014-04-11T16:20:49+00:00) : http://finance.yahoo.com/news/prism-medical-announces-sale-uk-162402827.html
Identified root node: FOX News (2013-06-15T12:51:05+00:00): http://www.foxnews.com/us/2013/06/15/what-makes-prism-shine-national-security-agency-megadata-collection-from/
|-9News (2013-06-15T20:29:13+00:00) : http://archive.9news.com/rss/story.aspx?storyid=340921
Running parser for Snowden...
Identified root node: News Max (2014-04-11T03:20:33+00:00): http://www.newsmax.com/Newsfront/greenwald-snowden-return-us/2014/04/11/id/565127/
|-Thomson Reuters (2014-04-11T22:18:43+00:00) : http://www.reuters.com/article/2014/04/11/us-usa-security-greenwald-idUSBREA3A1FB20140411?feedType=RSS
Identified root node: Examiner (2014-01-29T03:27:12+00:00): http://www.examiner.com/article/edward-snowden-s-psychic-human-ets-revealed
|-UFODigest (2014-01-29T13:49:58+00:00) : http://ufodigest.com/article/edward-snowden-0129
Running parser for Target Card HVAC...
Identified root node: Digital Journal (2014-02-24T23:56:14+00:00): http://digitaljournal.com/tech/technology/house-oversight-panel-demands-documentation-on-target-breach/article/372991
|-WHTC (2014-02-25T20:34:36+00:00) : http://whtc.com/news/articles/2014/feb/25/house-panel-demands-documentation-on-target-data-breach/
|--Raw Story (2014-02-25T20:48:55+00:00) : http://www.rawstory.com/rs/2014/02/25/house-oversight-committee-investigating-target-security-breach/
Identified root node: NewsFactor Network (2014-02-13T23:54:57+00:00): http://www.newsfactor.com/news/Target-Breach-Started-as-Phishing/story.xhtml?story_id=0330012SRDJ3
|-Enterprise Security Today (2014-02-14T16:08:29+00:00) : http://www.enterprise-security-today.com/story.xhtml?story_id=0320002P05B4
Identified root node: opb.org (2014-02-04T23:58:28+00:00): http://www.opb.org/news/article/npr-us-hvac-firm-reportedly-linked-to-targets-data-security-breach/
|-ideastream.org (2014-02-05T20:58:20+00:00) : http://www.ideastream.org/news/npr/272101928
Identified root node: Chicago Tribune (2014-02-05T23:57:17+00:00): http://articles.chicagotribune.com/2014-02-06/news/sns-rt-target-breachvendor-20140205_1_hackers-vendor-third-largest-u-s-retailer
|-San Angelo Standard-Times (2014-03-26T20:07:22+00:00) : http://www.gosanangelo.com/news/2014/mar/26/target-missed-multiple-breach-warnings-according/
|--TMCnet.com (2014-03-26T23:34:58+00:00) : http://www.tmcnet.com/usubmit/2014/03/26/7746356.htm
|---The Ledger (2014-03-27T04:21:18+00:00) : http://www.theledger.com/article/20140326/news/140329388
Identified root node: NBC News (2014-02-05T23:57:17+00:00): http://www.nbcnews.com/id/54296743/ns/technology_and_science-security/t/target-vendor-says-hackers-breached-data-link-used-billing/
|-mobile.reuters.com (2014-02-06T21:32:56+00:00) : http://mobile.reuters.com/article/governmentFilingsNews/idUSL2N0LB1TM20140206
|--Reuters (2014-02-06T23:27:28+00:00) : http://uk.reuters.com/article/2014/02/06/target-breach-vendor-idUKL2N0LB1TM20140206?feedType=RSS&feedName=rbssFinancialServicesAndRealEstateNews
|---CNBC (2014-02-06T23:27:28+00:00) : http://www.cnbc.com/id/101397539
|----Thomson Reuters (2014-02-06T23:41:47+00:00) : http://www.reuters.com/article/2014/02/06/us-target-breach-vendor-idUSBREA1523E20140206
|-----Bangor Daily News (2014-02-07T10:04:33+00:00) : http://bangordailynews.com/2014/02/07/business/target-vendor-says-hackers-breached-data-link-used-for-billing/
|------1070 WINA Newsradio (2014-02-07T11:51:56+00:00) : http://wina.com/news/030030-target-hackers-breached-data-link-used-for-billing/
|-------790 KGMI News Talk (2014-02-07T11:59:05+00:00) : http://kgmi.com/news/030030-target-hackers-breached-data-link-used-for-billing/
Identified root node: Northwest Herald (2014-02-07T14:58:02+00:00): http://www.nwherald.com/2014/02/07/hackers-may-have-used-pa-company-to-hit-target/atagqwr/
|-brandonsun.com (2014-02-07T15:55:18+00:00) : http://www.brandonsun.com/business/breaking-news/pittsburgh-area-business-confirms-cyber-attack-linked-to-target-data-breach-federal-probe-244222641.html
|--Cape Cod Times (2014-02-07T20:20:10+00:00) : http://www.capecodonline.com/apps/pbcs.dll/article?AID=/20140207/NEWS11/140209759/-1/rss01
|---Tuscaloosa News (2014-02-07T20:48:48+00:00) : http://www.tuscaloosanews.com/article/20140207/NEWS/140209742
|----Daily Breeze (2014-02-07T21:03:07+00:00) : http://www.cape-coral-daily-breeze.com/page/content.detail/id/453494/Hackers-may-have-used-Pa--company-to-hit-Target.html?isap=1&nav=5042
|-----St. Petersburg Times (2014-02-08T00:37:52+00:00) : http://www.tampabay.com/incoming/hackers-may-have-used-pa-company-for-target-breach/2164706
Identified root node: WTAE Pittsburgh (2014-02-07T02:55:03+00:00): http://www.wtae.com/news/local/allegheny/target-security-breach-could-be-linked-to-sharpsburg-business/24338282
|-Kansas State Network KSNW 3 (2014-02-07T14:58:02+00:00) : http://ksn.com/2014/02/07/pa-vendor-confirms-link-to-target-data-probe/
|--The Mercury (2014-02-07T16:45:25+00:00) : http://www.pottsmerc.com/general-news/20140207/hackers-may-have-used-pa-company-to-hit-target
|---MYNorthwest.com (2014-02-07T19:08:35+00:00) : http://mynorthwest.com/23/2451515/Hackers-may-have-used-Pa-company-to-hit-Target
|----Post-Bulletin (2014-02-07T20:13:00+00:00) : http://www.postbulletin.com/news/crime/hackers-may-have-used-pa-company-to-hit-target/article_04e82972-903e-11e3-81ea-001a4bcf6878.html
|-----Recordpub (2014-02-07T21:10:16+00:00) : http://www.recordpub.com/ap%20general%20news/2014/02/07/hackers-may-have-used-pa-company-to-hit-target
|------stowsentry.com (2014-02-07T21:10:16+00:00) : http://www.stowsentry.com/ap%20general%20news/2014/02/07/hackers-may-have-used-pa-company-to-hit-target
|-------Aurora Advocate (2014-02-07T21:10:16+00:00) : http://www.auroraadvocate.com/ap%20general%20news/2014/02/07/hackers-may-have-used-pa-company-to-hit-target
|--------Yahoo Singapore Finance (2014-02-07T22:21:51+00:00) : http://sg.finance.yahoo.com/news/hackers-may-used-pa-company-191843425--finance.html
|---------connecticut.cbslocal.com (2014-02-08T00:16:23+00:00) : http://connecticut.cbslocal.com/2014/02/07/computer-talk-with-tab-on-the-latest-on-the-target-stores-data-theft/
|----------m.chronicle.augusta.com (2014-02-08T06:07:09+00:00) : http://m.chronicle.augusta.com/news/business/2014-02-07/target-hackers-could-have-used-business-back-door
|-----------Portland Press Herald (2014-02-08T06:42:56+00:00) : http://www.pressherald.com/news/Hackers_may_have_used_vendor_to_access_Target_data.html
|------------San Mateo Daily Journal (2014-02-08T11:29:16+00:00) : http://www.smdailyjournal.com/articles/business/2014-02-08/hackers-may-have-used-pittsburgh-company-to-hit-target/1776425117850.html
|-------------Telegraph Herald (2014-02-08T11:29:16+00:00) : http://www.thonline.com/news/national_world/article_a3670237-6015-5429-8476-9b0aa407f3ed.html
|--------------Frederick News-Post (2014-02-08T22:34:59+00:00) : http://www.fredericknewspost.com/news/economy_and_business/hackers-may-have-used-pa-company-to-hit-target/article_ddc6e58e-b0b5-5303-ac05-b560eb858863.html
|---------------The Seattle Times (2014-02-08T19:43:11+00:00) : http://seattletimes.com/html/nationworld/2022862655_apxtargetdatabreachvendor.html
|----------------Commercial Dispatch (2014-02-08T23:53:44+00:00) : http://www.cdispatch.com/news/article.asp?aid=31026
|-----------------BlueRidgeNow (2014-02-09T05:08:41+00:00) : http://www.blueridgenow.com/article/20140208/ARTICLES/140209861
|------------------Signal SCV (2014-02-09T12:53:59+00:00) : http://www.signalscv.com/section/287/article/114074/
Identified root node: NBC Philadelphia (2014-02-07T14:29:25+00:00): http://www.nbcphiladelphia.com/news/local/Pa-Vendor-Confirms-Link-to-Target-Data-Probe-244250511.html?akmobile=o&nms=y
|-Times-Leader (2014-02-07T14:36:34+00:00) : http://timesleader.com/apps/pbcs.dll/article?avis=TL&date=20140207&category=news&lopenr=302079951&Ref=AR&source=RSS
|--Anderson Independent-Mail (2014-02-07T15:05:12+00:00) : http://www.independentmail.com/news/2014/feb/07/pa-vendor-confirms-link-target-data-probe/
|---The Epoch Times (2014-02-07T15:48:09+00:00) : http://www.theepochtimes.com/n3/493895-pennsylavania-business-hacked-in-case-linked-to-target-cyber-attack/
|----The Sentinel Cumberlink (2014-02-07T16:45:25+00:00) : http://cumberlink.com/news/state-and-regional/pa-vendor-confirms-link-to-target-data-probe/article_dae4b72a-9002-11e3-a43d-0019bb2963f4.html
|-----NewsFactor Network (2014-02-09T14:34:12+00:00) : http://www.newsfactor.com/story.xhtml?story_id=021001XHPQZ3
Identified root node: Yahoo Finance (2014-02-14T23:53:46+00:00): http://finance.yahoo.com/news/target-brushed-off-security-concerns-041038143.html
|-Yahoo! (2014-02-16T07:02:05+00:00) : http://au.finance.yahoo.com/news/target-brushed-off-security-concerns-041038143.html
Identified root node: Washington Post (2014-02-10T00:21:10+00:00): http://www.washingtonpost.com/business/economy/target-breach-could-represent-leading-edge-of-wave-of-serious-cybercrime/2014/02/09/dc8ea02c-8daa-11e3-833c-33098f9e5267_story.html
|-The News-Herald (2014-02-10T17:46:17+00:00) : http://www.news-herald.com/general-news/20140210/targets-data-breach-could-signal-cybercrime-wave
Identified root node: IT World (2014-02-06T22:30:12+00:00): http://www.itworld.com/data-protection/403791/target-contractor-says-it-was-victim-cyberattack
|-news.techworld.com (2014-02-07T08:02:52+00:00) : http://news.techworld.com/security/3500955/target-contractor-says-it-was-victim-of-cyberattack/
Identified root node: The News & Observer (2014-04-07T22:09:09+00:00): http://www.newsobserver.com/2014/04/07/3766312/business-highlights.html
|-The Inter Mountain (2014-04-08T17:57:25+00:00) : http://www.theintermountain.com/page/content.detail/id/569470/Business-Briefcase.html?nav=5007
Identified root node: Norristown Times Herald (2014-02-06T23:56:06+00:00): http://www.timesherald.com/business/20140207/pennsylvania-vendor-was-possible-backdoor-to-target-data
|-Abc Local Web (2014-02-06T23:56:06+00:00) : http://abclocal.go.com/wpvi/story?id=9423205
|--my.news.yahoo.com (2014-02-07T17:42:41+00:00) : http://my.news.yahoo.com/pa-vendor-possible-backdoor-target-174521391.html
|---Journal (2014-02-07T18:25:38+00:00) : http://www.nujournal.com/page/content.detail/id/453481/Pa--vendor-was-possible-backdoor-to-Target-data.html?isap=1&nav=5032
|----WPTV (2014-02-08T03:36:49+00:00) : http://www.wptv.com/news/national/target-data-breach-fazio-mechanical-services-pennsylvania-vendor-was-possible-backdoor-to-data
|-----theday.com (2014-02-08T10:53:28+00:00) : http://www.theday.com/article/20140208/BIZ03/302089932/1044
Identified root node: Ukiah Daily Journal (2014-02-06T23:56:06+00:00): http://www.ukiahdailyjournal.com/ci_25085471/hackers-may-have-gotten-target-data-through-pennsylvania
|-Marin Independent Journal (2014-02-06T23:56:06+00:00) : http://www.marinij.com/business/ci_25085471/hackers-may-have-gotten-target-data-through-pennsylvania
|--San Jose Mercury News (2014-02-06T23:56:06+00:00) : http://www.mercurynews.com/business/ci_25085466/hackers-may-have-gotten-target-data-through-pennsylvania
|---Pocono Record (2014-02-07T16:45:25+00:00) : http://www.poconorecord.com/apps/pbcs.dll/article?AID=/20140207/NEWS/140209820
Identified root node: Observer & Eccentric Newspapers (2014-02-06T14:23:26+00:00): http://www.hometownlife.com/usatoday/article/5255331
|-Daily Journal (2014-02-06T15:56:30+00:00) : http://www.thedailyjournal.com/usatoday/article/5255331
|--Greenville News (2014-02-06T16:03:39+00:00) : http://www.greenvilleonline.com/usatoday/article/5255331
|---Staunton News Leader (2014-02-06T16:10:49+00:00) : http://www.newsleader.com/usatoday/article/5255331
|----USA Today (2014-02-06T18:12:30+00:00) : http://www.usatoday.com/story/cybertruth/2014/02/06/hvac-firms-logon-used-in-target-breach/5255331/
Running parser for Michael Vick Puppy...
Identified root node: CNN (2012-10-10T23:57:26+00:00): http://sportsillustrated.cnn.com/2012/football/nfl/10/11/michael-vick-dog-owner-again-eagles.ap/index.html
|-KING-5 (2012-10-12T04:28:16+00:00) : http://www.king5.com/news/pets-and-animals/Michael-Vick-confirms-he-is-again-a-dog-owner-173833411.html
|--Times Union (2012-10-13T21:45:02+00:00) : http://blog.timesunion.com/dogs/3786/3786/
Running parser for Felix Baumgardner Jump...
Identified root node: ABC News (2013-10-16T18:53:27+00:00): http://abcnews.go.com/blogs/headlines/2013/10/amazing-new-video-of-felix-baumgartners-jump-from-the-edge-of-space/
|-everythinglubbock.com (2013-10-16T20:05:02+00:00) : http://www.everythinglubbock.com/story/amazing-new-video-of-felix-baumgartners-jump-from-the-edge-of-space/d/story/k72uTuxSbEucHQ4hUby8Pg
Identified root node: AL.com Bloggers (2012-10-14T22:48:16+00:00): http://blog.al.com/wire/2012/10/skydiver_felix_baumgartner_beg.html
|-ABC 15 News (2012-10-14T23:59:51+00:00) : http://www.abc15.com/news/local-news/water-cooler/felix-baumgartner-jump-live-video-skydiver-gets-ready-for-bid-to-break-sound-barrier
|--The Huffington Post (2012-10-15T08:49:34+00:00) : http://www.huffingtonpost.ca/2012/10/14/felix-baumgartner-skydive_n_1964935.html
Identified root node: Montgomery Advertiser (2014-02-03T23:09:33+00:00): http://www.montgomeryadvertiser.com/usatoday/article/5189863
|-Oshkosh Northwestern (2014-02-03T23:23:52+00:00) : http://www.thenorthwestern.com/usatoday/article/5189863
Running parser for Balloon boy...
Identified root node: San Jose Mercury News (2009-10-18T01:40:40+00:00): http://www.mercurynews.com/breaking-news/ci_13586026
|-Denver Post (2009-10-18T04:39:38+00:00) : http://www.denverpost.com/ci_13584589
Identified root node: Patheos (blog) (2009-10-15T23:55:40+00:00): http://www.patheos.com/blogs/johnshore/2009/10/mr-hot-air-balloon-feel-like-doublin-your-allowance-son/
|-Crosswalk.com (2014-03-26T18:41:28+00:00) : http://www.crosswalk.com/blogs/john-shore/balloon-boys-dad-feel-like-doublin-your-allowance-son-11609967.html
Identified root node: WBUR (2009-10-14T23:56:51+00:00): http://www.wbur.org/2009/10/15/boy-in-balloon
|-Deseret News (2009-10-15T23:55:40+00:00) : http://www.deseretnews.com/article/705336975/Boy-in-balloon-is-a-lot-of-hot-air.html?pg=all
Identified root node: FireRescue1 (2009-10-14T23:56:51+00:00): http://www.firerescue1.com/fire-products/rescue-equipment/articles/597767-Colo-firefighters-respond-to-balloon-landing-boy-found-safe-at-home/
|-Valleycentral.com (2009-10-14T23:56:51+00:00) : http://www.valleycentral.com/news/story.aspx?id=363512
|--ABC 4 (2009-10-14T23:56:51+00:00) : http://www.4utah.com/mostpopular/story/6-year-old-boy-seen-getting-into-balloon/d/story/Kk2g34eHo0eb8MhAoTgAOQ
|---Los Angeles Daily News (2009-10-15T03:53:05+00:00) : http://www.dailynews.com/20091015/boy-not-inside-balloon-after-it-lands-in-colorado-field
Identified root node: WBNS 10TV Columbus (2013-10-22T15:25:55+00:00): http://www.10tv.com/content/stories/apexchange/2013/10/22/in--exchange-unlikely-journey.html
|-WSBT 22 (2013-10-22T15:25:55+00:00) : http://www.wsbt.com/news/local/balloon-honoring-indiana-boy-warms-hearts-in-mass/22561348
Running parser for SpaceX ISS...
Identified root node: thenewstribe.com (2012-10-07T23:53:50+00:00): http://www.thenewstribe.com/2012/10/08/spacex-craft-on-way-to-iss-in-first-supply-run/
|-DAWN Group (2012-10-08T05:51:45+00:00) : http://www.dawn.com/news/755109/spacex-craft-on-way-to-iss-in-first-supply-run
Running parser for Air France 447...
Identified root node: National Geographic (2009-06-01T23:59:29+00:00): http://news.nationalgeographic.com/news/2009/06/090602-air-france-crash-2009-flight-447.html
|-Top News (2009-06-02T23:58:17+00:00) : http://www.topnews.in/thunderstorms-may-have-spelled-doom-air-france-flight-447-2173891
Identified root node: Daily Oklahoman (2009-06-03T23:57:06+00:00): http://newsok.com/brazil-recovers-first-air-france-flight-447-debris/article/3375078
|-Deseret News (2009-06-03T23:57:06+00:00) : http://www.deseretnews.com/article/705308517/Brazil-recovers-first-Air-France-Flight-447-debris.html?pg=all
Identified root node: Daily Telegraph (2012-04-28T06:27:35+00:00): http://www.telegraph.co.uk/technology/9231855/Air-France-Flight-447-Damn-it-were-going-to-crash.html
|-Montreal Gazette (2012-04-30T23:57:29+00:00) : http://www.montrealgazette.com/news/FRANCE+CRASH+REPORT/6547853/story.html
Identified root node: ABC News (2012-07-05T21:49:06+00:00): http://abcnews.go.com/Blotter/air-france-flight-447-crash-didnt-happen-expert/story?id=16717404
|-Yahoo News (2012-07-05T23:07:50+00:00) : http://news.yahoo.com/air-france-flight-447-crash-didnt-happen-expert-162449729--abc-news-topstories.html
Identified root node: Yahoo! (2014-03-09T23:55:08+00:00): http://uk.news.yahoo.com/missing-malaysia-airlines-flight-mh370-crash-air-france-104123400.html
|-International Business Times (2014-03-10T10:39:22+00:00) : http://www.ibtimes.co.uk/missing-malaysia-airlines-flight-mh370-crash-air-france-flight-447-that-killed-all-board-1439572
Running parser for Sochi Wolf...
Identified root node: Canada (2014-01-20T15:12:14+00:00): http://www.canada.com/olympics/news/video-posted-by-islamic-militant-group-in-russias-caucasus-threatens-sochi-olympics
|-Hamilton Spectator (2014-01-20T22:14:34+00:00) : http://www.thespec.com/news-story/4325835-video-terrorists-threaten-strike-in-sochi/
|--Times Colonist (2014-01-21T15:46:50+00:00) : http://www.timescolonist.com/news/world/russians-take-hard-look-at-video-threatening-to-strike-sochi-games-1.796409
Identified root node: Record Searchlight (2014-02-24T01:51:57+00:00): http://www.redding.com/news/2014/feb/23/costly-political-successful-sochi-olympics-end/
|-Wayne Independent (2014-02-24T11:38:55+00:00) : http://www.wayneindependent.com/article/20140224/NEWS/140229884
Identified root node: CNN Security Clearance (2014-02-06T23:56:06+00:00): http://security.blogs.cnn.com/2014/02/07/countries-unite-to-disrupt-terror-threats-to-sochi-olympic-games/
|-FOX6Now.com Milwaukee (2014-02-08T01:06:30+00:00) : http://fox6now.com/2014/02/07/countries-unite-to-disrupt-terror-threats-to-sochi-olympic-games/
Identified root node: Carlsbad Current-Argus (2014-02-20T20:33:23+00:00): http://www.currentargus.com/carlsbad-sports/ci_25189340/
|-York Daily Record (2014-02-20T20:33:23+00:00) : http://www.ydr.com/sports/ci_25189340/newest-sochi-problem-is-actually-quite-serious
Identified root node: New Pittsburgh Courier (2014-01-26T23:54:50+00:00): http://newpittsburghcourieronline.com/2014/01/27/danger-in-sochi-and-an-olympics-on-edge/
|-Waterbury Republican-American (2014-01-27T19:14:28+00:00) : http://www.rep-am.com/articles/2014/01/27/sports/olympics/780608.txt
Identified root node: Pioneer Press (2014-02-22T00:49:54+00:00): http://www.twincities.com/ci_25203017/
|-WTOP (2014-02-22T08:42:20+00:00) : http://www.wtop.com/1320/3568119/Fridays-Highlights-at-the-Sochi-Olympics
|--YAHOOSports (2014-02-22T23:44:17+00:00) : http://sg.sports.yahoo.com/news/friday-39-highlights-sochi-olympics-154913789--spt.html
Identified root node: Top News (2014-02-20T23:53:49+00:00): http://www.topnews.in/sports/us-athlete-films-video-wolf-roaming-around-sochi-hotel-243717
|-Newstrack India (2014-02-21T05:15:56+00:00) : http://newstrackindia.com/newsdetails/2014/02/21/88-US-athlete-films-video-of-wolf-roaming-around-Sochi-hotel.html
|--Smash Hits.com (2014-02-21T05:37:25+00:00) : http://news.smashits.com/961521/US-athlete-films-video-of-wolf-roaming-around-Sochi-hotel.htm
Identified root node: FOX News (2014-02-21T10:59:32+00:00): http://www.foxnews.com/sports/2014/02/21/5-things-to-know-about-sochi-olympics/
|-YAHOO (2014-02-21T11:28:10+00:00) : http://sports.yahoo.com/news/5-things-know-sochi-olympics-120126201--spt.html
|--WTHR (2014-02-21T16:21:39+00:00) : http://www.wthr.com/story/24786734/2014/02/21/5-things-to-know-about-the-sochi-olympics
Identified root node: Central Pennsylvania (2014-02-21T22:12:25+00:00): http://www.pennlive.com/entertainment/index.ssf/2014/02/kimmels_wolf_hoax_abc_news_kne.html
|-Yahoo Finance (2014-02-22T03:41:41+00:00) : http://finance.yahoo.com/news/kimmel-39-wolf-hoax-abc-news-knew-ahead-212111644.html
|--WTOP (2014-02-22T23:15:39+00:00) : http://www.wtop.com/541/3567575/Kimmels-wolf-hoax-ABC-News-knew-ahead-of-time
Identified root node: Contra Costa Times (2014-02-20T20:33:23+00:00): http://www.contracostatimes.com/sports/ci_25189335
|-San Jose Mercury News (2014-02-20T20:33:23+00:00) : http://www.mercurynews.com/sports/ci_25189335
Identified root node: Oroville Mercury-Register (2014-02-20T20:33:23+00:00): http://www.orovillemr.com/digitalextras/ci_25189340/
|-Paradise Post (2014-02-20T20:33:23+00:00) : http://www.paradisepost.com/sports/ci_25189340/
Identified root node: greecepost.com (2014-02-20T21:23:29+00:00): http://www.greecepost.com/article/20140220/News/140229928
|-Devils Lake Daily Journal (2014-02-20T21:52:07+00:00) : http://www.devilslakejournal.com/article/20140220/News/140229836
Identified root node: Myfoxorl and O (2014-03-07T16:12:13+00:00): http://www.myfoxorlando.com/story/24786649/wolf-in-sochi-hotel-update
|-FOX 9 News (2014-03-21T15:12:39+00:00) : http://www.myfoxtwincities.com/story/24786649/wolf-in-sochi-hotel-update
|--MyFox Philadelphia (2014-03-21T15:12:39+00:00) : http://www.myfoxphilly.com/story/24786649/wolf-in-sochi-hotel-update
Identified root node: Owen Sound Sun Times (2014-02-21T10:23:44+00:00): http://www.owensoundsuntimes.com/2014/02/20/video-shows-wolf-walking-through-sochi-athletes-village
|-brantfordexpositor.ca (2014-02-21T10:30:54+00:00) : http://www.brantfordexpositor.ca/2014/02/20/video-shows-wolf-walking-through-sochi-athletes-village
|--Canoe (2014-02-21T10:45:13+00:00) : http://slam.canoe.ca/Slam/Olympics/2014Sochi/News/2014/02/20/21483176.html
Identified root node: WSOC-TV (2014-02-21T20:25:02+00:00): http://www.wsoctv.com/news/news/national/so-about-jimmy-kimmels-wolf-prank/ndXr8/
|-WPXI (2014-02-21T21:07:59+00:00) : http://www.wpxi.com/news/news/national/so-about-jimmy-kimmels-wolf-prank/ndXr8/
Identified root node: WPXI (2014-02-20T13:38:12+00:00): http://www.wpxi.com/news/news/us-luger-films-wolf-roaming-halls-olympic-village/ndWLC/
|-wftv.com 9 (2014-02-20T21:16:20+00:00) : http://www.wftv.com/news/news/us-luger-films-wolf-roaming-halls-olympic-village/ndWLC/
|--WSB-TV Atlanta (2014-02-20T21:23:29+00:00) : http://www.wsbtv.com/news/news/us-luger-films-wolf-roaming-halls-olympic-village/ndWLC/
Running parser for Affordable Care Act...
Identified root node: Eurek Alert (2014-03-03T20:41:49+00:00): http://www.eurekalert.org/pub_releases/2014-03/gwus-aca022614.php
|-Science 2.0 (2014-03-04T21:30:44+00:00) : http://www.science20.com/news_articles/criminals_are_happy_about_affordable_care_act-130845
Identified root node: KSDK (2014-01-14T19:22:44+00:00): http://www.ksdk.com/story/news/health/2014/01/14/obamacare-affordable-care-act-affordability/4476313/
|-Philadelphia Daily News (2014-01-16T20:03:18+00:00) : http://www.philly.com/philly/health/healthcare-exchange/Affording_the_Affordable_Care_Act.html
Running parser for AptiQuant Internet Explorer IQ...
Identified root node: Mashable (2011-08-03T08:33:20+00:00): http://mashable.com/2011/08/03/ie-users-dumb-hoax/
|-Sydney Morning Herald (2011-08-03T23:13:48+00:00) : http://www.smh.com.au/technology/technology-news/dumb-ie-study-a-hoax-20110804-1icd3.html
Identified root node: New Zeeland PC World (2011-08-02T23:57:56+00:00): http://www.pcworld.co.nz/article/482356/retraction_internet_explorer_iq_story_hoax/
|-PC World (2011-08-02T23:57:56+00:00) : http://www.pcworld.com/article/237160/Internet_Explorer_IQ_Story_Called_a_Hoax.html
Identified root node: wordstream.com (2011-12-28T23:54:13+00:00): http://www.wordstream.com/blog/ws/2011/12/29/search-marketing-year-in-review
|-business2community.com (2012-01-01T13:41:01+00:00) : http://www.business2community.com/online-marketing/year-in-review-a-look-at-what-happened-in-search-in-2011-0112547
Identified root node: San Francisco Gate (2011-07-27T23:57:53+00:00): http://www.sfgate.com/news/article/STUDY-Internet-Explorer-Users-Are-Dumber-MSFT-2349667.php
|-The Business Insider (2011-07-27T23:57:53+00:00) : http://www.businessinsider.com/study-internet-explorer-users-are-dumber-2011-7
Identified root node: WCPO (2011-08-01T23:59:07+00:00): http://www.wcpo.com/news/science-tech/new-study-says-the-web-browser-you-choose-to-use-could-say-a-lot-about-your-iq
|-ABC Action News (2011-08-02T14:53:54+00:00) : http://www.abcactionnews.com/news/science-and-technology/new-study-says-the-web-browser-you-choose-to-use-could-say-a-lot-about-your-iq-wcpo1312295408071
Running parser for Will Smith Dead...
Identified root node: Christian Post (2014-01-06T16:47:34+00:00): http://global.christianpost.com/news/will-smith-breaks-silence-on-james-averys-death-photo-112097/
|-The Christian Post (2014-01-06T17:23:22+00:00) : http://www.christianpost.com/news/will-smith-breaks-silence-on-james-averys-death-photo-112097/
Identified root node: International Business Times (2014-02-05T14:24:37+00:00): http://www.ibtimes.co.uk/why-did-twitter-users-say-justin-bieber-miley-cyrus-will-smith-were-dead-1435240
|-Yahoo! (2014-02-05T16:19:09+00:00) : https://uk.news.yahoo.com/why-did-twitter-users-justin-bieber-miley-cyrus-143148617.html
Running parser for Betty White Dead...
Identified root node: WWL-TV (2013-10-08T08:25:51+00:00): http://www.wwltv.com/news/national/226859981.html
|-WPTV (2013-10-08T15:42:31+00:00) : http://www.wptv.com/dpp/entertainment/betty-white-will-join-madame-tussauds-museum-in-wax
Running parser for KFC Mutant Chicken...
Identified root node: Allentown Morning Call (2014-04-04T23:02:49+00:00): http://articles.mcall.com/2014-04-04/news/mc-bw-john-brown-20140404_1_john-brown-sahl-communications-snake
|-The Morning Call (2014-04-04T23:17:08+00:00) : http://www.mcall.com/news/local/white/mc-bw-john-brown-20140404,0,818704.column
=========================================
Got 246 root sources for plagarism consideration factor 0.5
=========================================
Identifying most frequent root sources...
These would be great targets to compromise
=========================================
Digital Journal has 1 root nodes of plagarism.
NewsFactor Network has 1 root nodes of plagarism.
opb.org has 1 root nodes of plagarism.
Chicago Tribune has 1 root nodes of plagarism.
NBC News has 1 root nodes of plagarism.
Northwest Herald has 1 root nodes of plagarism.
WTAE Pittsburgh has 1 root nodes of plagarism.
NBC Philadelphia has 1 root nodes of plagarism.
Yahoo Finance has 1 root nodes of plagarism.
Washington Post has 1 root nodes of plagarism.
The News & Observer has 1 root nodes of plagarism.
Norristown Times Herald has 1 root nodes of plagarism.
Ukiah Daily Journal has 1 root nodes of plagarism.
Observer & Eccentric Newspapers has 1 root nodes of plagarism.
CNN has 1 root nodes of plagarism.
WSOC-TV has 1 root nodes of plagarism.
AL.com Bloggers has 1 root nodes of plagarism.
Montgomery Advertiser has 1 root nodes of plagarism.
San Jose Mercury News has 1 root nodes of plagarism.
Patheos (blog) has 1 root nodes of plagarism.
FireRescue1 has 1 root nodes of plagarism.
WBNS 10TV Columbus has 1 root nodes of plagarism.
thenewstribe.com has 1 root nodes of plagarism.
National Geographic has 1 root nodes of plagarism.
Daily Oklahoman has 1 root nodes of plagarism.
Yahoo! has 1 root nodes of plagarism.
Canada has 1 root nodes of plagarism.
Record Searchlight has 1 root nodes of plagarism.
CNN Security Clearance has 1 root nodes of plagarism.
Carlsbad Current-Argus has 1 root nodes of plagarism.
New Pittsburgh Courier has 1 root nodes of plagarism.
Top News has 1 root nodes of plagarism.
Central Pennsylvania has 1 root nodes of plagarism.
Contra Costa Times has 1 root nodes of plagarism.
Oroville Mercury-Register has 1 root nodes of plagarism.
greecepost.com has 1 root nodes of plagarism.
Myfoxorl and O has 1 root nodes of plagarism.
Allentown Morning Call has 1 root nodes of plagarism.
ABC News has 2 root nodes of plagarism.
FOX News has 2 root nodes of plagarism.
Daily Telegraph has 2 root nodes of plagarism.
WBUR has 2 root nodes of plagarism.
IT World has 2 root nodes of plagarism.
Thomson Reuters has 2 root nodes of plagarism.
New Zeeland PC World has 2 root nodes of plagarism.
San Francisco Gate has 2 root nodes of plagarism.
The Huffington Post has 2 root nodes of plagarism.
Pioneer Press has 2 root nodes of plagarism.
MSN News has 3 root nodes of plagarism.
=========================================
Identifying most influential root sources by number of articles
These would also be great sources to compromise
=========================================
Yahoo Finance influences 1 articles
Washington Post influences 1 articles
IT World influences 1 articles
The News & Observer influences 1 articles
Daily Telegraph influences 1 articles
Daily Oklahoman influences 1 articles
San Francisco Gate influences 1 articles
Your Houston News influences 1 articles
ABC News influences 1 articles
MSN Money influences 1 articles
Yahoo News influences 1 articles
San Jose Mercury News influences 1 articles
Patheos (blog) influences 1 articles
CNN Security Clearance influences 1 articles
Owen Sound Sun Times influences 2 articles
AL.com Bloggers influences 2 articles
fox17online.com influences 2 articles
Myfoxorl and O influences 2 articles
Capital Public Radio influences 2 articles
WBKO influences 2 articles
ewn.co.za influences 2 articles
epworthbells.co.uk influences 2 articles
Canada influences 2 articles
Central Pennsylvania influences 2 articles
FOX News influences 2 articles
Top News influences 2 articles
Digital Journal influences 2 articles
Pioneer Press influences 2 articles
Chicago Tribune influences 3 articles
The Malaysian Digest influences 3 articles
IT World influences 3 articles
MSN News influences 3 articles
Metro News influences 3 articles
Ukiah Daily Journal influences 3 articles
FireRescue1 influences 3 articles
MSN influences 4 articles
wcti12.com influences 4 articles
NBC Philadelphia influences 5 articles
Northwest Herald influences 5 articles
KSAT influences 5 articles
Norristown Times Herald influences 5 articles
AsiaOne influences 5 articles
Star Telegram influences 6 articles
NBC News influences 7 articles
Fidelity influences 7 articles
Boston influences 8 articles
The Huffington Post influences 10 articles
kenoradailyminerandnews.com influences 10 articles
WTAE Pittsburgh influences 18 articles
=========================================
Joining the two analyses above
=========================================
Digital Journal,
Chicago Tribune,
NBC News,
Northwest Herald,
WTAE Pittsburgh,
NBC Philadelphia,
Yahoo Finance,
Washington Post,
The News & Observer,
Norristown Times Herald,
Ukiah Daily Journal,
AL.com Bloggers,
San Jose Mercury News,
Patheos (blog),
FireRescue1,
Daily Oklahoman,
Canada,
CNN Security Clearance,
Top News,
Central Pennsylvania,
Myfoxorl and O,
ABC News,
FOX News,
Daily Telegraph,
IT World,
San Francisco Gate,
The Huffington Post,
Pioneer Press,
MSN News
=========================================
Got 29 targets!
