We have established a quorum, skipping...
We have established a quorum, skipping...
We have established a quorum, skipping...
We have established a quorum, skipping...
We have established a quorum, skipping...
We have established a quorum, skipping...
We have established a quorum, skipping...
We have established a quorum, skipping...
We have established a quorum, skipping...
We have established a quorum, skipping...
We have established a quorum, skipping...
We have established a quorum, skipping...
We have established a quorum, skipping...
We have established a quorum, skipping...
We have established a quorum, skipping...
We have established a quorum, skipping...
We have established a quorum, skipping...
We have established a quorum, skipping...
We have established a quorum, skipping...
We have established a quorum, skipping...
We have established a quorum, skipping...
We have established a quorum, skipping...
We have established a quorum, skipping...
We have established a quorum, skipping...
We have established a quorum, skipping...
We now have 4123 articles
Downloading content for articles in Boston Marathon Bombing...
Downloading content for articles in Enron...
Downloading content for articles in MH370...
Downloading content for articles in Sandy Hook Elementary...
Downloading content for articles in Heartbleed...
Downloading content for articles in Crimea...
Downloading content for articles in Toyota Recall...
Downloading content for articles in Rob Ford...
Downloading content for articles in Ford Recall...
Downloading content for articles in Egypt President Morsi...
Downloading content for articles in Silk Road Dread Pirate...
Downloading content for articles in PRISM...
Downloading content for articles in Snowden...
Downloading content for articles in Target Card HVAC...
Downloading content for articles in Michael Vick Puppy...
Downloading content for articles in Felix Baumgardner Jump...
Downloading content for articles in Balloon boy...
Downloading content for articles in SpaceX ISS...
Downloading content for articles in Air France 447...
Downloading content for articles in Sochi Wolf...
Downloading content for articles in Affordable Care Act...
Downloading content for articles in AptiQuant Internet Explorer IQ...
Downloading content for articles in Will Smith Dead...
Downloading content for articles in Betty White Dead...
Downloading content for articles in KFC Mutant Chicken...
Getting Alexa rankings...
Running parser for Boston Marathon Bombing...
Identified root node: Police one.com (2014-03-19T21:34:25+00:00) : http://www.policeone.com/police-products/vehicles/specialty/articles/6990737-5-critical-lessons-about-armored-vehicles-from-the-Boston-Marathon-Bombing/. Alexa score: 18181
|-AmmoLand.com - Shooting Sports News (2014-03-20T23:56:24+00:00) : http://www.ammoland.com/2014/03/lessons-learned-from-the-boston-marathon-bombing/. Alexa score: 70622
Identified root node: WAFB 9 Baton Rouge (2013-05-16T17:15:44+00:00) : http://www.wafb.com/category/262377/boston-marathon-bombing. Alexa score: 97727
|-WNEM.COM (2013-05-16T17:15:44+00:00) : http://www.wnem.com/category/262377/boston-marathon-bombing. Alexa score: 65843
Running parser for Enron...
Identified root node: Rediff India Abroad (2013-06-22T08:17:56+00:00) : http://www.rediff.com/money/report/slide-show-1-former-enron-ceo-sentence-cut-by-10-years/20130622.htm. Alexa score: 254
|-Rediff (2013-06-22T08:17:56+00:00) : http://www.rediff.com/business/slide-show/slide-show-1-former-enron-ceo-sentence-cut-by-10-years/20130622.htm. Alexa score: 254
Running parser for MH370...
Running parser for Sandy Hook Elementary...
Identified root node: Your Houston News (2014-04-08T22:29:26+00:00) : http://www.yourhoustonnews.com/courier/opinion/whatever-the-cause-of-this-fort-hood-tragedy-simmering-anger/article_1e4f202a-1e05-5ba0-ac6d-19952624fa17.html. Alexa score: 84555
|-Odessa American (2014-04-09T04:55:59+00:00) : http://www.oaoa.com/editorial/views/texas_opinion/article_39bb6872-bf81-11e3-805e-001a4bcf6878.html. Alexa score: 275849
Identified root node: The News-Herald (2014-02-13T11:44:49+00:00) : http://www.thenewsherald.com/articles/2014/02/13/news/doc52fa646bdcea9142044095.txt. Alexa score: 305410
|-News-Herald (2014-02-15T10:45:10+00:00) : http://www.thenewsherald.com/articles/2014/02/15/news/doc52fa646bdcea9142044095.txt. Alexa score: 305410
Running parser for Heartbleed...
Identified root node: Guelph Mercury (2014-04-09T18:10:33+00:00) : http://www.guelphmercury.com/news-story/4456018--heartbleed-computer-bug-prompts-internet-security-concerns/. Alexa score: 224382
|-Corpus Christi Caller (2014-04-10T00:29:57+00:00) : http://www.caller.com/news/2014/apr/09/heartbleed-bug-causes-major-security-headache/. Alexa score: 191458
Identified root node: Business Spectator (2014-04-09T00:02:30+00:00) : http://www.businessspectator.com.au/news/2014/4/9/technology/heartbleed-bug-worldwide-threat-user-data. Alexa score: 25866
|-AsiaOne (2014-04-11T07:38:15+00:00) : http://news.asiaone.com/news/digital1/heartbleed-bug-web-technology-seen-major-threat-user-data. Alexa score: 6335
Identified root node: News Talk 610 CKTB (2014-04-09T11:22:32+00:00) : http://www.610cktb.com/BusinessCP/Article.aspx?id=415904. Alexa score: 519909
|-Boston Herald (2014-04-09T15:47:23+00:00) : http://bostonherald.com/business/technology/technology_news/2014/04/heartbleed_exposes_millions_of_online_passwords. Alexa score: 8824
|--nst.com.my (2014-04-10T06:56:29+00:00) : http://www.nst.com.my/latest/heartbleed-bug-causes-major-security-headache-across-internet-1.559648. Alexa score: 8424
Identified root node: Wirral Globe (2014-04-09T15:40:14+00:00) : http://www.wirralglobe.co.uk/uk_national_news/11137559.Heartbleed_bug_hits_web_security/. Alexa score: 455671
|-Burnham and Highbridge Weekly News (2014-04-09T16:16:01+00:00) : http://www.burnhamandhighbridgeweeklynews.co.uk/news/national/news/11137559.Heartbleed_bug_hits_web_security/?ref=mnnp. Alexa score: 3687416
Identified root node: XIN MSN Lifestyle Tech (2014-04-08T23:55:20+00:00) : http://technology.xin.msn.com/technology-news/heartbleed-bug-puts-encrypted-data-in-danger-2. Alexa score: 33
|-XIN MSN News (2014-04-09T03:08:37+00:00) : http://news.xin.msn.com/en/sci-tech/heartbleed-bug-puts-encrypted-data-in-danger-5. Alexa score: 33
Identified root node: wcti12.com (2014-04-07T23:56:31+00:00) : http://www.wcti12.com/news/technology/-Heartbleed-security-flaw-affects-most-sites/25388478. Alexa score: 211461
|-WDSU NewsChannel 6 (2014-04-09T10:10:57+00:00) : http://www.wdsu.com/money/technology/-Heartbleed-security-flaw-affects-most-sites/25388478. Alexa score: 86518
|--NewsChannel 3 (2014-04-09T13:24:13+00:00) : http://www.keyt.com/lifestyle/technology/-Heartbleed-security-flaw-affects-most-sites/25388478. Alexa score: 104199
Identified root node: KSAT (2014-04-09T14:57:17+00:00) : http://www.ksat.com/lifestyle/money/Heartbleed-bug-What-you-need-to-know/25393778. Alexa score: 46568
|-KION 46 Central Coast News (2014-04-09T14:57:17+00:00) : http://www.kionrightnow.com/life/money/Heartbleed-bug-What-you-need-to-know/25393778. Alexa score: 260100
|--Krdo Breaking News (2014-04-09T14:57:17+00:00) : http://www.krdo.com/news/economy-tracker/Heartbleed-bug-What-you-need-to-know/25393778. Alexa score: 101499
|---NewsChannel 3 (2014-04-09T14:57:17+00:00) : http://www.keyt.com/news/money/Heartbleed-bug-What-you-need-to-know/25393778. Alexa score: 104199
|----KY3 (2014-04-09T14:57:17+00:00) : http://www.ky3.com/news/business/Heartbleed-bug-What-you-need-to-know/21049046_25393778. Alexa score: 47866
|-----KITV News (2014-04-09T16:23:11+00:00) : http://www.kitv.com/money/Heartbleed-bug-What-you-need-to-know/25393778. Alexa score: 86961
Identified root node: Leaf Chronicle (2014-04-09T15:25:55+00:00) : http://www.theleafchronicle.com/usatoday/article/7501033. Alexa score: 200525
|-Daily News Journal (2014-04-09T16:01:42+00:00) : http://www.dnj.com/usatoday/article/7501033. Alexa score: 190446
|--USA Today (2014-04-09T19:43:37+00:00) : http://www.usatoday.com/story/tech/2014/04/09/heartbleed-five-questions/7501033/. Alexa score: 263
Running parser for Crimea...
Running parser for Toyota Recall...
Running parser for Rob Ford...
Running parser for Ford Recall...
Identified root node: Bloomberg (2014-03-24T14:47:37+00:00) : http://www.bloomberg.com/news/2014-03-24/upton-shaped-by-ford-tire-recall-faces-gm-14-years-later.html. Alexa score: 328
|-Claims Journal (2014-03-24T17:17:57+00:00) : http://www.claimsjournal.com/news/national/2014/03/24/246367.htm. Alexa score: 279421
Running parser for Egypt President Morsi...
Running parser for Silk Road Dread Pirate...
Identified root node: IT World (2013-11-07T01:45:12+00:00) : http://www.itworld.com/legal/381835/silk-road-online-drug-marketplace-resurfaces. Alexa score: 9094
|-Network World (2013-11-07T04:15:32+00:00) : http://www.networkworld.com/news/2013/110713-silk-road-online-drug-marketplace-275713.html. Alexa score: 9208
|--CSO Magazine (2013-11-07T04:51:19+00:00) : http://www.cso.com.au/article/531222/silk_road_online_drug_marketplace_resurfaces/. Alexa score: 202266
|---news.techworld.com (2013-11-07T06:53:01+00:00) : http://news.techworld.com/security/3481133/silk-road-online-drug-marketplace-resurfaces/. Alexa score: 51499
Identified root node: WBUR (2013-10-03T20:13:18+00:00) : http://www.wbur.org/npr/228923016. Alexa score: 16978
|-NPR News (2013-10-03T20:41:56+00:00) : http://www.npr.org/templates/story/story.php?storyId=228923016. Alexa score: 637
Identified root node: CIO (2013-11-22T02:39:00+00:00) : http://www.cio.com/article/743609/Silk_Road_Defendant_Deemed_Flight_Risk_Denied_Bail. Alexa score: 6745
|-MIS Asia (2013-11-25T02:13:58+00:00) : http://www.mis-asia.com/resource/legal/silk-road-defendant-deemed-flight-risk-denied-bail/. Alexa score: 800508
Identified root node: Australian Techworld (2014-01-15T23:53:33+00:00) : http://www.techworld.com.au/article/536160/us_forces_silk_road_give_up_28m_bitcoins/. Alexa score: 129461
|-news.techworld.com (2014-01-17T09:03:33+00:00) : http://news.techworld.com/security/3497577/us-forces-silk-road-to-give-up-28m-in-bitcoins/. Alexa score: 51499
Identified root node: Pioneer Press (2014-02-04T20:52:21+00:00) : http://www.twincities.com/breakingnews/ci_25060267/alleged-silk-road-mastermind-indicted-ny. Alexa score: 17274
|-Inside Bay Area (2014-04-01T23:56:29+00:00) : http://www.insidebayarea.com/california/ci_25060267/alleged-silk-road-mastermind-indicted-ny. Alexa score: 40629
Identified root node: kenoradailyminerandnews.com (2013-11-06T13:49:23+00:00) : http://www.kenoradailyminerandnews.com/2013/11/06/silk-road-back-online-after-fbi-bust. Alexa score: 1569527
|-Kingston Whig (2013-11-06T13:49:23+00:00) : http://www.thewhig.com/2013/11/06/silk-road-back-online-after-fbi-bust. Alexa score: 146022
|--DAWN Group (2013-11-07T11:10:43+00:00) : http://www.dawn.com/news/1054788/new-silk-road-drug-bazaar-opens-a-month-after-fbi-bust. Alexa score: 3303
Identified root node: Cincinnati.com (2013-10-21T21:53:39+00:00) : http://news.cincinnati.com/usatoday/article/2984921. Alexa score: 16735
|-Coloradoan (2013-10-21T22:07:58+00:00) : http://www.coloradoan.com/usatoday/article/2984921. Alexa score: 43522
|--WTSP (2013-10-21T23:55:20+00:00) : http://www.wtsp.com/rss/article/341374/81/How-FBI-brought-down-cyber-underworld-site-Silk-Road. Alexa score: 33855
Identified root node: Daily Telegraph (2013-10-03T18:40:14+00:00) : http://www.dailytelegraph.com.au/technology/news/silk-road-pirate-wanted-to-change-the-world-and-get-around-government-coercion-with-online-drug-seller/story-fni0bzoc-1226732649800. Alexa score: 5824
|-The Australian (2013-10-03T23:55:12+00:00) : http://www.theaustralian.com.au/news/silk-road-pirate-wanted-to-change-the-world-and-get-around-government-coercion-with-online-drug-seller/story-e6frg6n6-1226732649800. Alexa score: 4128
Running parser for PRISM...
Running parser for Snowden...
Identified root node: Examiner (2014-01-29T03:27:12+00:00) : http://www.examiner.com/article/edward-snowden-s-psychic-human-ets-revealed. Alexa score: 545
|-UFODigest (2014-01-29T13:49:58+00:00) : http://ufodigest.com/article/edward-snowden-0129. Alexa score: 138973
Running parser for Target Card HVAC...
Identified root node: The Seattle Times (2014-02-08T19:43:11+00:00) : http://seattletimes.com/html/nationworld/2022862655_apxtargetdatabreachvendor.html. Alexa score: 3170
|-Commercial Dispatch (2014-02-08T23:53:44+00:00) : http://www.cdispatch.com/news/article.asp?aid=31026. Alexa score: 816137
Identified root node: Ukiah Daily Journal (2014-02-06T23:56:06+00:00) : http://www.ukiahdailyjournal.com/ci_25085471/hackers-may-have-gotten-target-data-through-pennsylvania. Alexa score: 479124
|-Marin Independent Journal (2014-02-06T23:56:06+00:00) : http://www.marinij.com/business/ci_25085471/hackers-may-have-gotten-target-data-through-pennsylvania. Alexa score: 87019
|--San Jose Mercury News (2014-02-06T23:56:06+00:00) : http://www.mercurynews.com/business/ci_25085466/hackers-may-have-gotten-target-data-through-pennsylvania. Alexa score: 4647
Identified root node: Observer & Eccentric Newspapers (2014-02-06T14:23:26+00:00) : http://www.hometownlife.com/usatoday/article/5255331. Alexa score: 219008
|-Daily Journal (2014-02-06T15:56:30+00:00) : http://www.thedailyjournal.com/usatoday/article/5255331. Alexa score: 266811
|--Greenville News (2014-02-06T16:03:39+00:00) : http://www.greenvilleonline.com/usatoday/article/5255331. Alexa score: 103473
|---Staunton News Leader (2014-02-06T16:10:49+00:00) : http://www.newsleader.com/usatoday/article/5255331. Alexa score: 163291
|----USA Today (2014-02-06T18:12:30+00:00) : http://www.usatoday.com/story/cybertruth/2014/02/06/hvac-firms-logon-used-in-target-breach/5255331/. Alexa score: 263
Running parser for Michael Vick Puppy...
Running parser for Felix Baumgardner Jump...
Identified root node: AL.com Bloggers (2012-10-14T22:48:16+00:00) : http://blog.al.com/wire/2012/10/skydiver_felix_baumgartner_beg.html. Alexa score: 5579
|-ABC 15 News (2012-10-14T23:59:51+00:00) : http://www.abc15.com/news/local-news/water-cooler/felix-baumgartner-jump-live-video-skydiver-gets-ready-for-bid-to-break-sound-barrier. Alexa score: 20628
Identified root node: Montgomery Advertiser (2014-02-03T23:09:33+00:00) : http://www.montgomeryadvertiser.com/usatoday/article/5189863. Alexa score: 149399
|-Oshkosh Northwestern (2014-02-03T23:23:52+00:00) : http://www.thenorthwestern.com/usatoday/article/5189863. Alexa score: 355983
Running parser for Balloon boy...
Running parser for SpaceX ISS...
Running parser for Air France 447...
Identified root node: Daily Telegraph (2012-04-28T06:27:35+00:00) : http://www.telegraph.co.uk/technology/9231855/Air-France-Flight-447-Damn-it-were-going-to-crash.html. Alexa score: 223
|-Montreal Gazette (2012-04-30T23:57:29+00:00) : http://www.montrealgazette.com/news/FRANCE+CRASH+REPORT/6547853/story.html. Alexa score: 12423
Identified root node: ABC News (2012-07-05T21:49:06+00:00) : http://abcnews.go.com/Blotter/air-france-flight-447-crash-didnt-happen-expert/story?id=16717404. Alexa score: 414
|-Yahoo News (2012-07-05T23:07:50+00:00) : http://news.yahoo.com/air-france-flight-447-crash-didnt-happen-expert-162449729--abc-news-topstories.html. Alexa score: 4
Running parser for Sochi Wolf...
Identified root node: Contra Costa Times (2014-02-20T20:33:23+00:00) : http://www.contracostatimes.com/sports/ci_25189335. Alexa score: 40082
|-San Jose Mercury News (2014-02-20T20:33:23+00:00) : http://www.mercurynews.com/sports/ci_25189335. Alexa score: 4647
Identified root node: Oroville Mercury-Register (2014-02-20T20:33:23+00:00) : http://www.orovillemr.com/digitalextras/ci_25189340/. Alexa score: 1059186
|-Paradise Post (2014-02-20T20:33:23+00:00) : http://www.paradisepost.com/sports/ci_25189340/. Alexa score: 1007001
Identified root node: greecepost.com (2014-02-20T21:23:29+00:00) : http://www.greecepost.com/article/20140220/News/140229928. Alexa score: 3239703
|-Devils Lake Daily Journal (2014-02-20T21:52:07+00:00) : http://www.devilslakejournal.com/article/20140220/News/140229836. Alexa score: 1705918
Identified root node: Myfoxorl and O (2014-03-07T16:12:13+00:00) : http://www.myfoxorlando.com/story/24786649/wolf-in-sochi-hotel-update. Alexa score: 59563
|-FOX 9 News (2014-03-21T15:12:39+00:00) : http://www.myfoxtwincities.com/story/24786649/wolf-in-sochi-hotel-update. Alexa score: 57054
|--MyFox Philadelphia (2014-03-21T15:12:39+00:00) : http://www.myfoxphilly.com/story/24786649/wolf-in-sochi-hotel-update. Alexa score: 20861
Identified root node: Owen Sound Sun Times (2014-02-21T10:23:44+00:00) : http://www.owensoundsuntimes.com/2014/02/20/video-shows-wolf-walking-through-sochi-athletes-village. Alexa score: 293859
|-brantfordexpositor.ca (2014-02-21T10:30:54+00:00) : http://www.brantfordexpositor.ca/2014/02/20/video-shows-wolf-walking-through-sochi-athletes-village. Alexa score: 238815
|--Canoe (2014-02-21T10:45:13+00:00) : http://slam.canoe.ca/Slam/Olympics/2014Sochi/News/2014/02/20/21483176.html. Alexa score: 3830
Identified root node: WSOC-TV (2014-02-21T20:25:02+00:00) : http://www.wsoctv.com/news/news/national/so-about-jimmy-kimmels-wolf-prank/ndXr8/. Alexa score: 39258
|-WPXI (2014-02-21T21:07:59+00:00) : http://www.wpxi.com/news/news/national/so-about-jimmy-kimmels-wolf-prank/ndXr8/. Alexa score: 35881
Identified root node: WPXI (2014-02-20T13:38:12+00:00) : http://www.wpxi.com/news/news/us-luger-films-wolf-roaming-halls-olympic-village/ndWLC/. Alexa score: 35881
|-wftv.com 9 (2014-02-20T21:16:20+00:00) : http://www.wftv.com/news/news/us-luger-films-wolf-roaming-halls-olympic-village/ndWLC/. Alexa score: 30281
|--WSB-TV Atlanta (2014-02-20T21:23:29+00:00) : http://www.wsbtv.com/news/news/us-luger-films-wolf-roaming-halls-olympic-village/ndWLC/. Alexa score: 13187
Running parser for Affordable Care Act...
Running parser for AptiQuant Internet Explorer IQ...
Identified root node: WCPO (2011-08-01T23:59:07+00:00) : http://www.wcpo.com/news/science-tech/new-study-says-the-web-browser-you-choose-to-use-could-say-a-lot-about-your-iq. Alexa score: 29077
|-ABC Action News (2011-08-02T14:53:54+00:00) : http://www.abcactionnews.com/news/science-and-technology/new-study-says-the-web-browser-you-choose-to-use-could-say-a-lot-about-your-iq-wcpo1312295408071. Alexa score: 49012
Running parser for Will Smith Dead...
Running parser for Betty White Dead...
Running parser for KFC Mutant Chicken...
Identified root node: Allentown Morning Call (2014-04-04T23:02:49+00:00) : http://articles.mcall.com/2014-04-04/news/mc-bw-john-brown-20140404_1_john-brown-sahl-communications-snake. Alexa score: 32201
|-The Morning Call (2014-04-04T23:17:08+00:00) : http://www.mcall.com/news/local/white/mc-bw-john-brown-20140404,0,818704.column. Alexa score: 32201
=========================================
Got 78 root sources for plagarism consideration factor 0.8
=========================================
Identifying most frequent root sources...
These would be great targets to compromise
=========================================
The Seattle Times has 1 root nodes of plagarism.
Ukiah Daily Journal has 1 root nodes of plagarism.
Observer & Eccentric Newspapers has 1 root nodes of plagarism.
AL.com Bloggers has 1 root nodes of plagarism.
Montgomery Advertiser has 1 root nodes of plagarism.
ABC News has 1 root nodes of plagarism.
Contra Costa Times has 1 root nodes of plagarism.
Oroville Mercury-Register has 1 root nodes of plagarism.
greecepost.com has 1 root nodes of plagarism.
Myfoxorl and O has 1 root nodes of plagarism.
Owen Sound Sun Times has 1 root nodes of plagarism.
WSOC-TV has 1 root nodes of plagarism.
WPXI has 1 root nodes of plagarism.
kenoradailyminerandnews.com has 1 root nodes of plagarism.
Daily Telegraph has 2 root nodes of plagarism.
=========================================
Identifying most influential root sources by number of articles
These would also be great sources to compromise
=========================================
Contra Costa Times influences 1 articles
Guelph Mercury influences 1 articles
AL.com Bloggers influences 1 articles
Your Houston News influences 1 articles
Daily Telegraph influences 1 articles
Police one.com influences 1 articles
Ukiah Daily Journal influences 2 articles
Cincinnati.com influences 2 articles
kenoradailyminerandnews.com influences 2 articles
Myfoxorl and O influences 2 articles
wcti12.com influences 2 articles
News Talk 610 CKTB influences 2 articles
Owen Sound Sun Times influences 2 articles
IT World influences 3 articles
KSAT influences 5 articles
=========================================
Joining the two analyses above
=========================================
Ukiah Daily Journal,
AL.com Bloggers,
Contra Costa Times,
Myfoxorl and O,
Owen Sound Sun Times,
kenoradailyminerandnews.com,
Daily Telegraph
=========================================
Got 7 targets!
