We have established a quorum, skipping...
We have established a quorum, skipping...
We have established a quorum, skipping...
We have established a quorum, skipping...
We have established a quorum, skipping...
We have established a quorum, skipping...
We have established a quorum, skipping...
We have established a quorum, skipping...
We have established a quorum, skipping...
We have established a quorum, skipping...
We have established a quorum, skipping...
We have established a quorum, skipping...
We have established a quorum, skipping...
We have established a quorum, skipping...
We have established a quorum, skipping...
We have established a quorum, skipping...
We have established a quorum, skipping...
We have established a quorum, skipping...
We have established a quorum, skipping...
We have established a quorum, skipping...
We have established a quorum, skipping...
We have established a quorum, skipping...
We have established a quorum, skipping...
We have established a quorum, skipping...
We have established a quorum, skipping...
We now have 4123 articles
Downloading content for articles in Boston Marathon Bombing...
Downloading content for articles in Enron...
Downloading content for articles in MH370...
Downloading content for articles in Sandy Hook Elementary...
Downloading content for articles in Heartbleed...
Downloading content for articles in Crimea...
Downloading content for articles in Toyota Recall...
Downloading content for articles in Rob Ford...
Downloading content for articles in Ford Recall...
Downloading content for articles in Egypt President Morsi...
Downloading content for articles in Silk Road Dread Pirate...
Downloading content for articles in PRISM...
Downloading content for articles in Snowden...
Downloading content for articles in Target Card HVAC...
Downloading content for articles in Michael Vick Puppy...
Downloading content for articles in Felix Baumgardner Jump...
Downloading content for articles in Balloon boy...
Downloading content for articles in SpaceX ISS...
Downloading content for articles in Air France 447...
Downloading content for articles in Sochi Wolf...
Downloading content for articles in Affordable Care Act...
Downloading content for articles in AptiQuant Internet Explorer IQ...
Downloading content for articles in Will Smith Dead...
Downloading content for articles in Betty White Dead...
Downloading content for articles in KFC Mutant Chicken...
Getting Alexa rankings...
Running parser for Boston Marathon Bombing...
Identified root node: WAFB 9 Baton Rouge (2013-05-16T17:15:44+00:00) : http://www.wafb.com/category/262377/boston-marathon-bombing. Alexa score: 97727
|-WNEM.COM (2013-05-16T17:15:44+00:00) : http://www.wnem.com/category/262377/boston-marathon-bombing. Alexa score: 65843
Running parser for Enron...
Identified root node: Rediff India Abroad (2013-06-22T08:17:56+00:00) : http://www.rediff.com/money/report/slide-show-1-former-enron-ceo-sentence-cut-by-10-years/20130622.htm. Alexa score: 254
|-Rediff (2013-06-22T08:17:56+00:00) : http://www.rediff.com/business/slide-show/slide-show-1-former-enron-ceo-sentence-cut-by-10-years/20130622.htm. Alexa score: 254
Running parser for MH370...
Running parser for Sandy Hook Elementary...
Identified root node: Your Houston News (2014-04-08T22:29:26+00:00) : http://www.yourhoustonnews.com/courier/opinion/whatever-the-cause-of-this-fort-hood-tragedy-simmering-anger/article_1e4f202a-1e05-5ba0-ac6d-19952624fa17.html. Alexa score: 84555
|-Odessa American (2014-04-09T04:55:59+00:00) : http://www.oaoa.com/editorial/views/texas_opinion/article_39bb6872-bf81-11e3-805e-001a4bcf6878.html. Alexa score: 275849
Identified root node: The News-Herald (2014-02-13T11:44:49+00:00) : http://www.thenewsherald.com/articles/2014/02/13/news/doc52fa646bdcea9142044095.txt. Alexa score: 305410
|-News-Herald (2014-02-15T10:45:10+00:00) : http://www.thenewsherald.com/articles/2014/02/15/news/doc52fa646bdcea9142044095.txt. Alexa score: 305410
Running parser for Heartbleed...
Identified root node: Wirral Globe (2014-04-09T15:40:14+00:00) : http://www.wirralglobe.co.uk/uk_national_news/11137559.Heartbleed_bug_hits_web_security/. Alexa score: 455671
|-Burnham and Highbridge Weekly News (2014-04-09T16:16:01+00:00) : http://www.burnhamandhighbridgeweeklynews.co.uk/news/national/news/11137559.Heartbleed_bug_hits_web_security/?ref=mnnp. Alexa score: 3687416
Identified root node: XIN MSN Lifestyle Tech (2014-04-08T23:55:20+00:00) : http://technology.xin.msn.com/technology-news/heartbleed-bug-puts-encrypted-data-in-danger-2. Alexa score: 33
|-XIN MSN News (2014-04-09T03:08:37+00:00) : http://news.xin.msn.com/en/sci-tech/heartbleed-bug-puts-encrypted-data-in-danger-5. Alexa score: 33
Identified root node: wcti12.com (2014-04-07T23:56:31+00:00) : http://www.wcti12.com/news/technology/-Heartbleed-security-flaw-affects-most-sites/25388478. Alexa score: 211461
|-NewsChannel 3 (2014-04-09T13:24:13+00:00) : http://www.keyt.com/lifestyle/technology/-Heartbleed-security-flaw-affects-most-sites/25388478. Alexa score: 104199
Identified root node: KSAT (2014-04-09T14:57:17+00:00) : http://www.ksat.com/lifestyle/money/Heartbleed-bug-What-you-need-to-know/25393778. Alexa score: 46568
|-KION 46 Central Coast News (2014-04-09T14:57:17+00:00) : http://www.kionrightnow.com/life/money/Heartbleed-bug-What-you-need-to-know/25393778. Alexa score: 260100
|--Krdo Breaking News (2014-04-09T14:57:17+00:00) : http://www.krdo.com/news/economy-tracker/Heartbleed-bug-What-you-need-to-know/25393778. Alexa score: 101499
|---NewsChannel 3 (2014-04-09T14:57:17+00:00) : http://www.keyt.com/news/money/Heartbleed-bug-What-you-need-to-know/25393778. Alexa score: 104199
|----KY3 (2014-04-09T14:57:17+00:00) : http://www.ky3.com/news/business/Heartbleed-bug-What-you-need-to-know/21049046_25393778. Alexa score: 47866
|-----KITV News (2014-04-09T16:23:11+00:00) : http://www.kitv.com/money/Heartbleed-bug-What-you-need-to-know/25393778. Alexa score: 86961
Identified root node: Leaf Chronicle (2014-04-09T15:25:55+00:00) : http://www.theleafchronicle.com/usatoday/article/7501033. Alexa score: 200525
|-Daily News Journal (2014-04-09T16:01:42+00:00) : http://www.dnj.com/usatoday/article/7501033. Alexa score: 190446
Running parser for Crimea...
Running parser for Toyota Recall...
Running parser for Rob Ford...
Running parser for Ford Recall...
Running parser for Egypt President Morsi...
Running parser for Silk Road Dread Pirate...
Identified root node: Pioneer Press (2014-02-04T20:52:21+00:00) : http://www.twincities.com/breakingnews/ci_25060267/alleged-silk-road-mastermind-indicted-ny. Alexa score: 17274
|-Inside Bay Area (2014-04-01T23:56:29+00:00) : http://www.insidebayarea.com/california/ci_25060267/alleged-silk-road-mastermind-indicted-ny. Alexa score: 40629
Identified root node: kenoradailyminerandnews.com (2013-11-06T13:49:23+00:00) : http://www.kenoradailyminerandnews.com/2013/11/06/silk-road-back-online-after-fbi-bust. Alexa score: 1569527
|-Kingston Whig (2013-11-06T13:49:23+00:00) : http://www.thewhig.com/2013/11/06/silk-road-back-online-after-fbi-bust. Alexa score: 146022
|--CNEWS (2013-11-07T01:38:03+00:00) : http://cnews.canoe.ca/CNEWS/World/2013/11/06/21250061.html. Alexa score: 3830
Identified root node: Cincinnati.com (2013-10-21T21:53:39+00:00) : http://news.cincinnati.com/usatoday/article/2984921. Alexa score: 16735
|-Coloradoan (2013-10-21T22:07:58+00:00) : http://www.coloradoan.com/usatoday/article/2984921. Alexa score: 43522
|--WTSP (2013-10-21T23:55:20+00:00) : http://www.wtsp.com/rss/article/341374/81/How-FBI-brought-down-cyber-underworld-site-Silk-Road. Alexa score: 33855
Identified root node: Daily Telegraph (2013-10-03T18:40:14+00:00) : http://www.dailytelegraph.com.au/technology/news/silk-road-pirate-wanted-to-change-the-world-and-get-around-government-coercion-with-online-drug-seller/story-fni0bzoc-1226732649800. Alexa score: 5824
|-The Australian (2013-10-03T23:55:12+00:00) : http://www.theaustralian.com.au/news/silk-road-pirate-wanted-to-change-the-world-and-get-around-government-coercion-with-online-drug-seller/story-e6frg6n6-1226732649800. Alexa score: 4128
Running parser for PRISM...
Running parser for Snowden...
Running parser for Target Card HVAC...
Identified root node: Ukiah Daily Journal (2014-02-06T23:56:06+00:00) : http://www.ukiahdailyjournal.com/ci_25085471/hackers-may-have-gotten-target-data-through-pennsylvania. Alexa score: 479124
|-Marin Independent Journal (2014-02-06T23:56:06+00:00) : http://www.marinij.com/business/ci_25085471/hackers-may-have-gotten-target-data-through-pennsylvania. Alexa score: 87019
|--San Jose Mercury News (2014-02-06T23:56:06+00:00) : http://www.mercurynews.com/business/ci_25085466/hackers-may-have-gotten-target-data-through-pennsylvania. Alexa score: 4647
Identified root node: Observer & Eccentric Newspapers (2014-02-06T14:23:26+00:00) : http://www.hometownlife.com/usatoday/article/5255331. Alexa score: 219008
|-Daily Journal (2014-02-06T15:56:30+00:00) : http://www.thedailyjournal.com/usatoday/article/5255331. Alexa score: 266811
|--Greenville News (2014-02-06T16:03:39+00:00) : http://www.greenvilleonline.com/usatoday/article/5255331. Alexa score: 103473
|---Staunton News Leader (2014-02-06T16:10:49+00:00) : http://www.newsleader.com/usatoday/article/5255331. Alexa score: 163291
Running parser for Michael Vick Puppy...
Running parser for Felix Baumgardner Jump...
Identified root node: Montgomery Advertiser (2014-02-03T23:09:33+00:00) : http://www.montgomeryadvertiser.com/usatoday/article/5189863. Alexa score: 149399
|-Oshkosh Northwestern (2014-02-03T23:23:52+00:00) : http://www.thenorthwestern.com/usatoday/article/5189863. Alexa score: 355983
Running parser for Balloon boy...
Running parser for SpaceX ISS...
Running parser for Air France 447...
Running parser for Sochi Wolf...
Identified root node: Oroville Mercury-Register (2014-02-20T20:33:23+00:00) : http://www.orovillemr.com/digitalextras/ci_25189340/. Alexa score: 1059186
|-Paradise Post (2014-02-20T20:33:23+00:00) : http://www.paradisepost.com/sports/ci_25189340/. Alexa score: 1007001
Identified root node: greecepost.com (2014-02-20T21:23:29+00:00) : http://www.greecepost.com/article/20140220/News/140229928. Alexa score: 3239703
|-Devils Lake Daily Journal (2014-02-20T21:52:07+00:00) : http://www.devilslakejournal.com/article/20140220/News/140229836. Alexa score: 1705918
Identified root node: Myfoxorl and O (2014-03-07T16:12:13+00:00) : http://www.myfoxorlando.com/story/24786649/wolf-in-sochi-hotel-update. Alexa score: 59563
|-FOX 9 News (2014-03-21T15:12:39+00:00) : http://www.myfoxtwincities.com/story/24786649/wolf-in-sochi-hotel-update. Alexa score: 57054
|--MyFox Philadelphia (2014-03-21T15:12:39+00:00) : http://www.myfoxphilly.com/story/24786649/wolf-in-sochi-hotel-update. Alexa score: 20861
Identified root node: Owen Sound Sun Times (2014-02-21T10:23:44+00:00) : http://www.owensoundsuntimes.com/2014/02/20/video-shows-wolf-walking-through-sochi-athletes-village. Alexa score: 293859
|-brantfordexpositor.ca (2014-02-21T10:30:54+00:00) : http://www.brantfordexpositor.ca/2014/02/20/video-shows-wolf-walking-through-sochi-athletes-village. Alexa score: 238815
Identified root node: WSOC-TV (2014-02-21T20:25:02+00:00) : http://www.wsoctv.com/news/news/national/so-about-jimmy-kimmels-wolf-prank/ndXr8/. Alexa score: 39258
|-WPXI (2014-02-21T21:07:59+00:00) : http://www.wpxi.com/news/news/national/so-about-jimmy-kimmels-wolf-prank/ndXr8/. Alexa score: 35881
Identified root node: WPXI (2014-02-20T13:38:12+00:00) : http://www.wpxi.com/news/news/us-luger-films-wolf-roaming-halls-olympic-village/ndWLC/. Alexa score: 35881
|-wftv.com 9 (2014-02-20T21:16:20+00:00) : http://www.wftv.com/news/news/us-luger-films-wolf-roaming-halls-olympic-village/ndWLC/. Alexa score: 30281
|--WSB-TV Atlanta (2014-02-20T21:23:29+00:00) : http://www.wsbtv.com/news/news/us-luger-films-wolf-roaming-halls-olympic-village/ndWLC/. Alexa score: 13187
Running parser for Affordable Care Act...
Running parser for AptiQuant Internet Explorer IQ...
Running parser for Will Smith Dead...
Running parser for Betty White Dead...
Running parser for KFC Mutant Chicken...
=========================================
Got 44 root sources for plagarism consideration factor 0.9
=========================================
Identifying most frequent root sources...
These would be great targets to compromise
=========================================
Observer & Eccentric Newspapers has 1 root nodes of plagarism.
Montgomery Advertiser has 1 root nodes of plagarism.
Oroville Mercury-Register has 1 root nodes of plagarism.
greecepost.com has 1 root nodes of plagarism.
Myfoxorl and O has 1 root nodes of plagarism.
Owen Sound Sun Times has 1 root nodes of plagarism.
WSOC-TV has 1 root nodes of plagarism.
WPXI has 1 root nodes of plagarism.
=========================================
Identifying most influential root sources by number of articles
These would also be great sources to compromise
=========================================
Oroville Mercury-Register influences 1 articles
WSOC-TV influences 1 articles
Wirral Globe influences 1 articles
Ukiah Daily Journal influences 2 articles
Myfoxorl and O influences 2 articles
kenoradailyminerandnews.com influences 2 articles
Cincinnati.com influences 2 articles
KSAT influences 5 articles
=========================================
Joining the two analyses above
=========================================
Oroville Mercury-Register,
Myfoxorl and O,
WSOC-TV
=========================================
Got 3 targets!
